[0.095s] DEBUG:colcon:Command line arguments: ['/usr/bin/colcon', 'list', '-p', '--base-paths', '/home/zhvv/aswrl_ws']
[0.095s] DEBUG:colcon:Parsed command line arguments: Namespace(log_base=None, log_level=None, verb_name='list', build_base='build', ignore_user_meta=False, metas=['./colcon.meta'], base_paths=['/home/zhvv/aswrl_ws'], packages_ignore=None, packages_ignore_regex=None, paths=None, packages_up_to=None, packages_up_to_regex=None, packages_above=None, packages_above_and_dependencies=None, packages_above_depth=None, packages_select_by_dep=None, packages_skip_by_dep=None, packages_skip_up_to=None, packages_select_build_failed=False, packages_skip_build_finished=False, packages_select_test_failures=False, packages_skip_test_passed=False, packages_select=None, packages_skip=None, packages_select_regex=None, packages_skip_regex=None, packages_start=None, packages_end=None, allow_overriding=[], topological_order=False, names_only=False, paths_only=True, topological_graph=False, topological_graph_dot=False, topological_graph_density=False, topological_graph_legend=False, topological_graph_dot_cluster=False, topological_graph_dot_include_skipped=False, verb_parser=<colcon_defaults.argument_parser.defaults.DefaultArgumentsDecorator object at 0x7104d9dc8fa0>, verb_extension=<colcon_package_information.verb.list.ListVerb object at 0x7104d9fc5c30>, main=<bound method ListVerb.main of <colcon_package_information.verb.list.ListVerb object at 0x7104d9fc5c30>>)
[0.260s] Level 1:colcon.colcon_core.package_discovery:discover_packages(colcon_meta) check parameters
[0.261s] Level 1:colcon.colcon_core.package_discovery:discover_packages(recursive) check parameters
[0.261s] Level 1:colcon.colcon_core.package_discovery:discover_packages(ignore) check parameters
[0.261s] Level 1:colcon.colcon_core.package_discovery:discover_packages(path) check parameters
[0.261s] Level 1:colcon.colcon_core.package_discovery:discover_packages(recursive) discover
[0.261s] INFO:colcon.colcon_core.package_discovery:Crawling recursively for packages in '/home/zhvv/aswrl_ws'
[0.261s] Level 1:colcon.colcon_core.package_identification:_identify(/home/zhvv/aswrl_ws) by extensions ['ignore', 'ignore_ament_install']
[0.261s] Level 1:colcon.colcon_core.package_identification:_identify(/home/zhvv/aswrl_ws) by extension 'ignore'
[0.261s] Level 1:colcon.colcon_core.package_identification:_identify(/home/zhvv/aswrl_ws) by extension 'ignore_ament_install'
[0.261s] Level 1:colcon.colcon_core.package_identification:_identify(/home/zhvv/aswrl_ws) by extensions ['colcon_pkg']
[0.261s] Level 1:colcon.colcon_core.package_identification:_identify(/home/zhvv/aswrl_ws) by extension 'colcon_pkg'
[0.261s] Level 1:colcon.colcon_core.package_identification:_identify(/home/zhvv/aswrl_ws) by extensions ['colcon_meta']
[0.261s] Level 1:colcon.colcon_core.package_identification:_identify(/home/zhvv/aswrl_ws) by extension 'colcon_meta'
[0.261s] Level 1:colcon.colcon_core.package_identification:_identify(/home/zhvv/aswrl_ws) by extensions ['ros']
[0.261s] Level 1:colcon.colcon_core.package_identification:_identify(/home/zhvv/aswrl_ws) by extension 'ros'
[0.275s] Level 1:colcon.colcon_core.package_identification:_identify(/home/zhvv/aswrl_ws) by extensions ['cmake', 'python']
[0.275s] Level 1:colcon.colcon_core.package_identification:_identify(/home/zhvv/aswrl_ws) by extension 'cmake'
[0.275s] Level 1:colcon.colcon_core.package_identification:_identify(/home/zhvv/aswrl_ws) by extension 'python'
[0.275s] Level 1:colcon.colcon_core.package_identification:_identify(/home/zhvv/aswrl_ws) by extensions ['python_setup_py']
[0.275s] Level 1:colcon.colcon_core.package_identification:_identify(/home/zhvv/aswrl_ws) by extension 'python_setup_py'
[0.275s] Level 1:colcon.colcon_core.package_identification:_identify(/home/zhvv/aswrl_ws/analysis) by extensions ['ignore', 'ignore_ament_install']
[0.275s] Level 1:colcon.colcon_core.package_identification:_identify(/home/zhvv/aswrl_ws/analysis) by extension 'ignore'
[0.275s] Level 1:colcon.colcon_core.package_identification:_identify(/home/zhvv/aswrl_ws/analysis) by extension 'ignore_ament_install'
[0.275s] Level 1:colcon.colcon_core.package_identification:_identify(/home/zhvv/aswrl_ws/analysis) by extensions ['colcon_pkg']
[0.275s] Level 1:colcon.colcon_core.package_identification:_identify(/home/zhvv/aswrl_ws/analysis) by extension 'colcon_pkg'
[0.275s] Level 1:colcon.colcon_core.package_identification:_identify(/home/zhvv/aswrl_ws/analysis) by extensions ['colcon_meta']
[0.275s] Level 1:colcon.colcon_core.package_identification:_identify(/home/zhvv/aswrl_ws/analysis) by extension 'colcon_meta'
[0.275s] Level 1:colcon.colcon_core.package_identification:_identify(/home/zhvv/aswrl_ws/analysis) by extensions ['ros']
[0.275s] Level 1:colcon.colcon_core.package_identification:_identify(/home/zhvv/aswrl_ws/analysis) by extension 'ros'
[0.276s] Level 1:colcon.colcon_core.package_identification:_identify(/home/zhvv/aswrl_ws/analysis) by extensions ['cmake', 'python']
[0.276s] Level 1:colcon.colcon_core.package_identification:_identify(/home/zhvv/aswrl_ws/analysis) by extension 'cmake'
[0.276s] Level 1:colcon.colcon_core.package_identification:_identify(/home/zhvv/aswrl_ws/analysis) by extension 'python'
[0.276s] Level 1:colcon.colcon_core.package_identification:_identify(/home/zhvv/aswrl_ws/analysis) by extensions ['python_setup_py']
[0.276s] Level 1:colcon.colcon_core.package_identification:_identify(/home/zhvv/aswrl_ws/analysis) by extension 'python_setup_py'
[0.276s] Level 1:colcon.colcon_core.package_identification:_identify(/home/zhvv/aswrl_ws/analysis/__pycache__) by extensions ['ignore', 'ignore_ament_install']
[0.276s] Level 1:colcon.colcon_core.package_identification:_identify(/home/zhvv/aswrl_ws/analysis/__pycache__) by extension 'ignore'
[0.276s] Level 1:colcon.colcon_core.package_identification:_identify(/home/zhvv/aswrl_ws/analysis/__pycache__) by extension 'ignore_ament_install'
[0.276s] Level 1:colcon.colcon_core.package_identification:_identify(/home/zhvv/aswrl_ws/analysis/__pycache__) by extensions ['colcon_pkg']
[0.276s] Level 1:colcon.colcon_core.package_identification:_identify(/home/zhvv/aswrl_ws/analysis/__pycache__) by extension 'colcon_pkg'
[0.276s] Level 1:colcon.colcon_core.package_identification:_identify(/home/zhvv/aswrl_ws/analysis/__pycache__) by extensions ['colcon_meta']
[0.276s] Level 1:colcon.colcon_core.package_identification:_identify(/home/zhvv/aswrl_ws/analysis/__pycache__) by extension 'colcon_meta'
[0.276s] Level 1:colcon.colcon_core.package_identification:_identify(/home/zhvv/aswrl_ws/analysis/__pycache__) by extensions ['ros']
[0.276s] Level 1:colcon.colcon_core.package_identification:_identify(/home/zhvv/aswrl_ws/analysis/__pycache__) by extension 'ros'
[0.276s] Level 1:colcon.colcon_core.package_identification:_identify(/home/zhvv/aswrl_ws/analysis/__pycache__) by extensions ['cmake', 'python']
[0.276s] Level 1:colcon.colcon_core.package_identification:_identify(/home/zhvv/aswrl_ws/analysis/__pycache__) by extension 'cmake'
[0.276s] Level 1:colcon.colcon_core.package_identification:_identify(/home/zhvv/aswrl_ws/analysis/__pycache__) by extension 'python'
[0.276s] Level 1:colcon.colcon_core.package_identification:_identify(/home/zhvv/aswrl_ws/analysis/__pycache__) by extensions ['python_setup_py']
[0.276s] Level 1:colcon.colcon_core.package_identification:_identify(/home/zhvv/aswrl_ws/analysis/__pycache__) by extension 'python_setup_py'
[0.277s] Level 1:colcon.colcon_core.package_identification:_identify(/home/zhvv/aswrl_ws/build) by extensions ['ignore', 'ignore_ament_install']
[0.277s] Level 1:colcon.colcon_core.package_identification:_identify(/home/zhvv/aswrl_ws/build) by extension 'ignore'
[0.277s] Level 1:colcon.colcon_core.package_identification:_identify(/home/zhvv/aswrl_ws/build) ignored
[0.277s] Level 1:colcon.colcon_core.package_identification:_identify(/home/zhvv/aswrl_ws/install) by extensions ['ignore', 'ignore_ament_install']
[0.277s] Level 1:colcon.colcon_core.package_identification:_identify(/home/zhvv/aswrl_ws/install) by extension 'ignore'
[0.277s] Level 1:colcon.colcon_core.package_identification:_identify(/home/zhvv/aswrl_ws/install) ignored
[0.277s] Level 1:colcon.colcon_core.package_identification:_identify(/home/zhvv/aswrl_ws/log) by extensions ['ignore', 'ignore_ament_install']
[0.277s] Level 1:colcon.colcon_core.package_identification:_identify(/home/zhvv/aswrl_ws/log) by extension 'ignore'
[0.277s] Level 1:colcon.colcon_core.package_identification:_identify(/home/zhvv/aswrl_ws/log) ignored
[0.278s] Level 1:colcon.colcon_core.package_identification:_identify(/home/zhvv/aswrl_ws/rl_runs) by extensions ['ignore', 'ignore_ament_install']
[0.278s] Level 1:colcon.colcon_core.package_identification:_identify(/home/zhvv/aswrl_ws/rl_runs) by extension 'ignore'
[0.278s] Level 1:colcon.colcon_core.package_identification:_identify(/home/zhvv/aswrl_ws/rl_runs) by extension 'ignore_ament_install'
[0.278s] Level 1:colcon.colcon_core.package_identification:_identify(/home/zhvv/aswrl_ws/rl_runs) by extensions ['colcon_pkg']
[0.278s] Level 1:colcon.colcon_core.package_identification:_identify(/home/zhvv/aswrl_ws/rl_runs) by extension 'colcon_pkg'
[0.278s] Level 1:colcon.colcon_core.package_identification:_identify(/home/zhvv/aswrl_ws/rl_runs) by extensions ['colcon_meta']
[0.278s] Level 1:colcon.colcon_core.package_identification:_identify(/home/zhvv/aswrl_ws/rl_runs) by extension 'colcon_meta'
[0.278s] Level 1:colcon.colcon_core.package_identification:_identify(/home/zhvv/aswrl_ws/rl_runs) by extensions ['ros']
[0.278s] Level 1:colcon.colcon_core.package_identification:_identify(/home/zhvv/aswrl_ws/rl_runs) by extension 'ros'
[0.278s] Level 1:colcon.colcon_core.package_identification:_identify(/home/zhvv/aswrl_ws/rl_runs) by extensions ['cmake', 'python']
[0.278s] Level 1:colcon.colcon_core.package_identification:_identify(/home/zhvv/aswrl_ws/rl_runs) by extension 'cmake'
[0.278s] Level 1:colcon.colcon_core.package_identification:_identify(/home/zhvv/aswrl_ws/rl_runs) by extension 'python'
[0.278s] Level 1:colcon.colcon_core.package_identification:_identify(/home/zhvv/aswrl_ws/rl_runs) by extensions ['python_setup_py']
[0.278s] Level 1:colcon.colcon_core.package_identification:_identify(/home/zhvv/aswrl_ws/rl_runs) by extension 'python_setup_py'
[0.278s] Level 1:colcon.colcon_core.package_identification:_identify(/home/zhvv/aswrl_ws/rl_runs/multimodal_dqn_s0) by extensions ['ignore', 'ignore_ament_install']
[0.278s] Level 1:colcon.colcon_core.package_identification:_identify(/home/zhvv/aswrl_ws/rl_runs/multimodal_dqn_s0) by extension 'ignore'
[0.279s] Level 1:colcon.colcon_core.package_identification:_identify(/home/zhvv/aswrl_ws/rl_runs/multimodal_dqn_s0) by extension 'ignore_ament_install'
[0.279s] Level 1:colcon.colcon_core.package_identification:_identify(/home/zhvv/aswrl_ws/rl_runs/multimodal_dqn_s0) by extensions ['colcon_pkg']
[0.279s] Level 1:colcon.colcon_core.package_identification:_identify(/home/zhvv/aswrl_ws/rl_runs/multimodal_dqn_s0) by extension 'colcon_pkg'
[0.279s] Level 1:colcon.colcon_core.package_identification:_identify(/home/zhvv/aswrl_ws/rl_runs/multimodal_dqn_s0) by extensions ['colcon_meta']
[0.279s] Level 1:colcon.colcon_core.package_identification:_identify(/home/zhvv/aswrl_ws/rl_runs/multimodal_dqn_s0) by extension 'colcon_meta'
[0.279s] Level 1:colcon.colcon_core.package_identification:_identify(/home/zhvv/aswrl_ws/rl_runs/multimodal_dqn_s0) by extensions ['ros']
[0.279s] Level 1:colcon.colcon_core.package_identification:_identify(/home/zhvv/aswrl_ws/rl_runs/multimodal_dqn_s0) by extension 'ros'
[0.279s] Level 1:colcon.colcon_core.package_identification:_identify(/home/zhvv/aswrl_ws/rl_runs/multimodal_dqn_s0) by extensions ['cmake', 'python']
[0.279s] Level 1:colcon.colcon_core.package_identification:_identify(/home/zhvv/aswrl_ws/rl_runs/multimodal_dqn_s0) by extension 'cmake'
[0.279s] Level 1:colcon.colcon_core.package_identification:_identify(/home/zhvv/aswrl_ws/rl_runs/multimodal_dqn_s0) by extension 'python'
[0.279s] Level 1:colcon.colcon_core.package_identification:_identify(/home/zhvv/aswrl_ws/rl_runs/multimodal_dqn_s0) by extensions ['python_setup_py']
[0.279s] Level 1:colcon.colcon_core.package_identification:_identify(/home/zhvv/aswrl_ws/rl_runs/multimodal_dqn_s0) by extension 'python_setup_py'
[0.279s] Level 1:colcon.colcon_core.package_identification:_identify(/home/zhvv/aswrl_ws/rl_runs/multimodal_smoke) by extensions ['ignore', 'ignore_ament_install']
[0.279s] Level 1:colcon.colcon_core.package_identification:_identify(/home/zhvv/aswrl_ws/rl_runs/multimodal_smoke) by extension 'ignore'
[0.279s] Level 1:colcon.colcon_core.package_identification:_identify(/home/zhvv/aswrl_ws/rl_runs/multimodal_smoke) by extension 'ignore_ament_install'
[0.279s] Level 1:colcon.colcon_core.package_identification:_identify(/home/zhvv/aswrl_ws/rl_runs/multimodal_smoke) by extensions ['colcon_pkg']
[0.279s] Level 1:colcon.colcon_core.package_identification:_identify(/home/zhvv/aswrl_ws/rl_runs/multimodal_smoke) by extension 'colcon_pkg'
[0.280s] Level 1:colcon.colcon_core.package_identification:_identify(/home/zhvv/aswrl_ws/rl_runs/multimodal_smoke) by extensions ['colcon_meta']
[0.280s] Level 1:colcon.colcon_core.package_identification:_identify(/home/zhvv/aswrl_ws/rl_runs/multimodal_smoke) by extension 'colcon_meta'
[0.280s] Level 1:colcon.colcon_core.package_identification:_identify(/home/zhvv/aswrl_ws/rl_runs/multimodal_smoke) by extensions ['ros']
[0.280s] Level 1:colcon.colcon_core.package_identification:_identify(/home/zhvv/aswrl_ws/rl_runs/multimodal_smoke) by extension 'ros'
[0.280s] Level 1:colcon.colcon_core.package_identification:_identify(/home/zhvv/aswrl_ws/rl_runs/multimodal_smoke) by extensions ['cmake', 'python']
[0.280s] Level 1:colcon.colcon_core.package_identification:_identify(/home/zhvv/aswrl_ws/rl_runs/multimodal_smoke) by extension 'cmake'
[0.280s] Level 1:colcon.colcon_core.package_identification:_identify(/home/zhvv/aswrl_ws/rl_runs/multimodal_smoke) by extension 'python'
[0.280s] Level 1:colcon.colcon_core.package_identification:_identify(/home/zhvv/aswrl_ws/rl_runs/multimodal_smoke) by extensions ['python_setup_py']
[0.280s] Level 1:colcon.colcon_core.package_identification:_identify(/home/zhvv/aswrl_ws/rl_runs/multimodal_smoke) by extension 'python_setup_py'
[0.280s] Level 1:colcon.colcon_core.package_identification:_identify(/home/zhvv/aswrl_ws/src) by extensions ['ignore', 'ignore_ament_install']
[0.280s] Level 1:colcon.colcon_core.package_identification:_identify(/home/zhvv/aswrl_ws/src) by extension 'ignore'
[0.280s] Level 1:colcon.colcon_core.package_identification:_identify(/home/zhvv/aswrl_ws/src) by extension 'ignore_ament_install'
[0.280s] Level 1:colcon.colcon_core.package_identification:_identify(/home/zhvv/aswrl_ws/src) by extensions ['colcon_pkg']
[0.280s] Level 1:colcon.colcon_core.package_identification:_identify(/home/zhvv/aswrl_ws/src) by extension 'colcon_pkg'
[0.280s] Level 1:colcon.colcon_core.package_identification:_identify(/home/zhvv/aswrl_ws/src) by extensions ['colcon_meta']
[0.280s] Level 1:colcon.colcon_core.package_identification:_identify(/home/zhvv/aswrl_ws/src) by extension 'colcon_meta'
[0.280s] Level 1:colcon.colcon_core.package_identification:_identify(/home/zhvv/aswrl_ws/src) by extensions ['ros']
[0.280s] Level 1:colcon.colcon_core.package_identification:_identify(/home/zhvv/aswrl_ws/src) by extension 'ros'
[0.280s] Level 1:colcon.colcon_core.package_identification:_identify(/home/zhvv/aswrl_ws/src) by extensions ['cmake', 'python']
[0.280s] Level 1:colcon.colcon_core.package_identification:_identify(/home/zhvv/aswrl_ws/src) by extension 'cmake'
[0.280s] Level 1:colcon.colcon_core.package_identification:_identify(/home/zhvv/aswrl_ws/src) by extension 'python'
[0.281s] Level 1:colcon.colcon_core.package_identification:_identify(/home/zhvv/aswrl_ws/src) by extensions ['python_setup_py']
[0.281s] Level 1:colcon.colcon_core.package_identification:_identify(/home/zhvv/aswrl_ws/src) by extension 'python_setup_py'
[0.281s] Level 1:colcon.colcon_core.package_identification:_identify(/home/zhvv/aswrl_ws/src/aswrl_sync) by extensions ['ignore', 'ignore_ament_install']
[0.281s] Level 1:colcon.colcon_core.package_identification:_identify(/home/zhvv/aswrl_ws/src/aswrl_sync) by extension 'ignore'
[0.281s] Level 1:colcon.colcon_core.package_identification:_identify(/home/zhvv/aswrl_ws/src/aswrl_sync) by extension 'ignore_ament_install'
[0.281s] Level 1:colcon.colcon_core.package_identification:_identify(/home/zhvv/aswrl_ws/src/aswrl_sync) by extensions ['colcon_pkg']
[0.281s] Level 1:colcon.colcon_core.package_identification:_identify(/home/zhvv/aswrl_ws/src/aswrl_sync) by extension 'colcon_pkg'
[0.281s] Level 1:colcon.colcon_core.package_identification:_identify(/home/zhvv/aswrl_ws/src/aswrl_sync) by extensions ['colcon_meta']
[0.281s] Level 1:colcon.colcon_core.package_identification:_identify(/home/zhvv/aswrl_ws/src/aswrl_sync) by extension 'colcon_meta'
[0.281s] Level 1:colcon.colcon_core.package_identification:_identify(/home/zhvv/aswrl_ws/src/aswrl_sync) by extensions ['ros']
[0.281s] Level 1:colcon.colcon_core.package_identification:_identify(/home/zhvv/aswrl_ws/src/aswrl_sync) by extension 'ros'
[0.284s] DEBUG:colcon.colcon_core.package_identification:Package '/home/zhvv/aswrl_ws/src/aswrl_sync' with type 'ros.ament_python' and name 'aswrl_sync'
[0.284s] Level 1:colcon.colcon_core.package_discovery:discover_packages(recursive) using defaults
