/home/zhvv/aswrl_ws/install/aswrl_sync/lib/python3.10/site-packages/aswrl_sync/netem_controller.py
/home/zhvv/aswrl_ws/install/aswrl_sync/lib/python3.10/site-packages/aswrl_sync/window_controller.py
/home/zhvv/aswrl_ws/install/aswrl_sync/lib/python3.10/site-packages/aswrl_sync/compensation_node.py
/home/zhvv/aswrl_ws/install/aswrl_sync/lib/python3.10/site-packages/aswrl_sync/formation_controller.py
/home/zhvv/aswrl_ws/install/aswrl_sync/lib/python3.10/site-packages/aswrl_sync/clock_drift.py
/home/zhvv/aswrl_ws/install/aswrl_sync/lib/python3.10/site-packages/aswrl_sync/kalman_sync.py
/home/zhvv/aswrl_ws/install/aswrl_sync/lib/python3.10/site-packages/aswrl_sync/sync_client.py
/home/zhvv/aswrl_ws/install/aswrl_sync/lib/python3.10/site-packages/aswrl_sync/dummy_odom.py
/home/zhvv/aswrl_ws/install/aswrl_sync/lib/python3.10/site-packages/aswrl_sync/logging_utils.py
/home/zhvv/aswrl_ws/install/aswrl_sync/lib/python3.10/site-packages/aswrl_sync/__init__.py
/home/zhvv/aswrl_ws/install/aswrl_sync/lib/python3.10/site-packages/aswrl_sync/sync_master.py
/home/zhvv/aswrl_ws/install/aswrl_sync/lib/python3.10/site-packages/aswrl_sync/rl/train_dqn.py
/home/zhvv/aswrl_ws/install/aswrl_sync/lib/python3.10/site-packages/aswrl_sync/rl/aswrl_env.py
/home/zhvv/aswrl_ws/install/aswrl_sync/lib/python3.10/site-packages/aswrl_sync/rl/dqn.py
/home/zhvv/aswrl_ws/install/aswrl_sync/lib/python3.10/site-packages/aswrl_sync/rl/export_policy.py
/home/zhvv/aswrl_ws/install/aswrl_sync/lib/python3.10/site-packages/aswrl_sync/rl/__init__.py
/home/zhvv/aswrl_ws/install/aswrl_sync/lib/python3.10/site-packages/aswrl_sync/__pycache__/netem_controller.cpython-310.pyc
/home/zhvv/aswrl_ws/install/aswrl_sync/lib/python3.10/site-packages/aswrl_sync/__pycache__/window_controller.cpython-310.pyc
/home/zhvv/aswrl_ws/install/aswrl_sync/lib/python3.10/site-packages/aswrl_sync/__pycache__/compensation_node.cpython-310.pyc
/home/zhvv/aswrl_ws/install/aswrl_sync/lib/python3.10/site-packages/aswrl_sync/__pycache__/formation_controller.cpython-310.pyc
/home/zhvv/aswrl_ws/install/aswrl_sync/lib/python3.10/site-packages/aswrl_sync/__pycache__/clock_drift.cpython-310.pyc
/home/zhvv/aswrl_ws/install/aswrl_sync/lib/python3.10/site-packages/aswrl_sync/__pycache__/kalman_sync.cpython-310.pyc
/home/zhvv/aswrl_ws/install/aswrl_sync/lib/python3.10/site-packages/aswrl_sync/__pycache__/sync_client.cpython-310.pyc
/home/zhvv/aswrl_ws/install/aswrl_sync/lib/python3.10/site-packages/aswrl_sync/__pycache__/dummy_odom.cpython-310.pyc
/home/zhvv/aswrl_ws/install/aswrl_sync/lib/python3.10/site-packages/aswrl_sync/__pycache__/logging_utils.cpython-310.pyc
/home/zhvv/aswrl_ws/install/aswrl_sync/lib/python3.10/site-packages/aswrl_sync/__pycache__/__init__.cpython-310.pyc
/home/zhvv/aswrl_ws/install/aswrl_sync/lib/python3.10/site-packages/aswrl_sync/__pycache__/sync_master.cpython-310.pyc
/home/zhvv/aswrl_ws/install/aswrl_sync/lib/python3.10/site-packages/aswrl_sync/rl/__pycache__/train_dqn.cpython-310.pyc
/home/zhvv/aswrl_ws/install/aswrl_sync/lib/python3.10/site-packages/aswrl_sync/rl/__pycache__/aswrl_env.cpython-310.pyc
/home/zhvv/aswrl_ws/install/aswrl_sync/lib/python3.10/site-packages/aswrl_sync/rl/__pycache__/dqn.cpython-310.pyc
/home/zhvv/aswrl_ws/install/aswrl_sync/lib/python3.10/site-packages/aswrl_sync/rl/__pycache__/export_policy.cpython-310.pyc
/home/zhvv/aswrl_ws/install/aswrl_sync/lib/python3.10/site-packages/aswrl_sync/rl/__pycache__/__init__.cpython-310.pyc
/home/zhvv/aswrl_ws/install/aswrl_sync/share/ament_index/resource_index/packages/aswrl_sync
/home/zhvv/aswrl_ws/install/aswrl_sync/share/aswrl_sync/package.xml
/home/zhvv/aswrl_ws/install/aswrl_sync/share/aswrl_sync/launch/bringup_uav.launch.py
/home/zhvv/aswrl_ws/install/aswrl_sync/share/aswrl_sync/launch/sim_multi_robot.launch.py
/home/zhvv/aswrl_ws/install/aswrl_sync/share/aswrl_sync/launch/bringup_dog.launch.py
/home/zhvv/aswrl_ws/install/aswrl_sync/share/aswrl_sync/gazebo/worlds/multi_robot.world
/home/zhvv/aswrl_ws/install/aswrl_sync/share/aswrl_sync/gazebo/models/dog1/model.sdf
/home/zhvv/aswrl_ws/install/aswrl_sync/share/aswrl_sync/gazebo/models/dog1/model.config
/home/zhvv/aswrl_ws/install/aswrl_sync/share/aswrl_sync/gazebo/models/dog2/model.sdf
/home/zhvv/aswrl_ws/install/aswrl_sync/share/aswrl_sync/gazebo/models/dog2/model.config
/home/zhvv/aswrl_ws/install/aswrl_sync/share/aswrl_sync/gazebo/models/uav1/model.sdf
/home/zhvv/aswrl_ws/install/aswrl_sync/share/aswrl_sync/gazebo/models/uav1/model.config
/home/zhvv/aswrl_ws/install/aswrl_sync/share/aswrl_sync/config/cyclonedds_dog1.xml
/home/zhvv/aswrl_ws/install/aswrl_sync/share/aswrl_sync/config/cyclonedds_dog2.xml
/home/zhvv/aswrl_ws/install/aswrl_sync/share/aswrl_sync/config/cyclonedds_uav1.xml
/home/zhvv/aswrl_ws/install/aswrl_sync/share/aswrl_sync/config/net_scenarios/stable.yaml
/home/zhvv/aswrl_ws/install/aswrl_sync/share/aswrl_sync/config/net_scenarios/multimodal.yaml
/home/zhvv/aswrl_ws/install/aswrl_sync/share/aswrl_sync/config/net_scenarios/jitter.yaml
/home/zhvv/aswrl_ws/install/aswrl_sync/share/aswrl_sync/config/net_scenarios/route_switch.yaml
/home/zhvv/aswrl_ws/install/aswrl_sync/share/aswrl_sync/scripts/setup_netns.sh
/home/zhvv/aswrl_ws/install/aswrl_sync/share/aswrl_sync/scripts/cleanup_netns.sh
/home/zhvv/aswrl_ws/install/aswrl_sync/share/aswrl_sync/README/README.md
/home/zhvv/aswrl_ws/install/aswrl_sync/lib/python3.10/site-packages/aswrl_sync-0.1.0-py3.10.egg-info/dependency_links.txt
/home/zhvv/aswrl_ws/install/aswrl_sync/lib/python3.10/site-packages/aswrl_sync-0.1.0-py3.10.egg-info/top_level.txt
/home/zhvv/aswrl_ws/install/aswrl_sync/lib/python3.10/site-packages/aswrl_sync-0.1.0-py3.10.egg-info/entry_points.txt
/home/zhvv/aswrl_ws/install/aswrl_sync/lib/python3.10/site-packages/aswrl_sync-0.1.0-py3.10.egg-info/SOURCES.txt
/home/zhvv/aswrl_ws/install/aswrl_sync/lib/python3.10/site-packages/aswrl_sync-0.1.0-py3.10.egg-info/requires.txt
/home/zhvv/aswrl_ws/install/aswrl_sync/lib/python3.10/site-packages/aswrl_sync-0.1.0-py3.10.egg-info/PKG-INFO
/home/zhvv/aswrl_ws/install/aswrl_sync/lib/python3.10/site-packages/aswrl_sync-0.1.0-py3.10.egg-info/zip-safe
/home/zhvv/aswrl_ws/install/aswrl_sync/lib/aswrl_sync/compensation_node
/home/zhvv/aswrl_ws/install/aswrl_sync/lib/aswrl_sync/dummy_odom
/home/zhvv/aswrl_ws/install/aswrl_sync/lib/aswrl_sync/export_policy
/home/zhvv/aswrl_ws/install/aswrl_sync/lib/aswrl_sync/formation_controller
/home/zhvv/aswrl_ws/install/aswrl_sync/lib/aswrl_sync/netem_controller
/home/zhvv/aswrl_ws/install/aswrl_sync/lib/aswrl_sync/sync_client
/home/zhvv/aswrl_ws/install/aswrl_sync/lib/aswrl_sync/sync_master
/home/zhvv/aswrl_ws/install/aswrl_sync/lib/aswrl_sync/train_dqn
