[0.481s] Invoking command in '/home/zhvv/aswrl_ws/aswrl_ws/src/aswrl_sync': CONDA_PROMPT_MODIFIER=(aswrl) PYTHONPATH=/home/zhvv/aswrl_ws/build/aswrl_sync/prefix_override:/usr/lib/python3/dist-packages/colcon_core/task/python/colcon_distutils_commands:/home/zhvv/aswrl_ws/install/aswrl_sync/lib/python3.10/site-packages:${PYTHONPATH} /usr/bin/python3 -W ignore:setup.py install is deprecated -W ignore:easy_install command is deprecated setup.py egg_info --egg-base ../../../build/aswrl_sync build --build-base /home/zhvv/aswrl_ws/build/aswrl_sync/build install --record /home/zhvv/aswrl_ws/build/aswrl_sync/install.log --single-version-externally-managed install_data
[0.660s] running egg_info
[0.661s] creating ../../../build/aswrl_sync/aswrl_sync.egg-info
[0.661s] writing ../../../build/aswrl_sync/aswrl_sync.egg-info/PKG-INFO
[0.661s] writing dependency_links to ../../../build/aswrl_sync/aswrl_sync.egg-info/dependency_links.txt
[0.661s] writing entry points to ../../../build/aswrl_sync/aswrl_sync.egg-info/entry_points.txt
[0.661s] writing requirements to ../../../build/aswrl_sync/aswrl_sync.egg-info/requires.txt
[0.661s] writing top-level names to ../../../build/aswrl_sync/aswrl_sync.egg-info/top_level.txt
[0.661s] writing manifest file '../../../build/aswrl_sync/aswrl_sync.egg-info/SOURCES.txt'
[0.663s] reading manifest file '../../../build/aswrl_sync/aswrl_sync.egg-info/SOURCES.txt'
[0.663s] writing manifest file '../../../build/aswrl_sync/aswrl_sync.egg-info/SOURCES.txt'
[0.664s] running build
[0.664s] running build_py
[0.664s] creating /home/zhvv/aswrl_ws/build/aswrl_sync/build
[0.664s] creating /home/zhvv/aswrl_ws/build/aswrl_sync/build/lib
[0.664s] creating /home/zhvv/aswrl_ws/build/aswrl_sync/build/lib/aswrl_sync
[0.664s] copying aswrl_sync/netem_controller.py -> /home/zhvv/aswrl_ws/build/aswrl_sync/build/lib/aswrl_sync
[0.664s] copying aswrl_sync/window_controller.py -> /home/zhvv/aswrl_ws/build/aswrl_sync/build/lib/aswrl_sync
[0.664s] copying aswrl_sync/compensation_node.py -> /home/zhvv/aswrl_ws/build/aswrl_sync/build/lib/aswrl_sync
[0.664s] copying aswrl_sync/formation_controller.py -> /home/zhvv/aswrl_ws/build/aswrl_sync/build/lib/aswrl_sync
[0.664s] copying aswrl_sync/clock_drift.py -> /home/zhvv/aswrl_ws/build/aswrl_sync/build/lib/aswrl_sync
[0.664s] copying aswrl_sync/kalman_sync.py -> /home/zhvv/aswrl_ws/build/aswrl_sync/build/lib/aswrl_sync
[0.664s] copying aswrl_sync/sync_client.py -> /home/zhvv/aswrl_ws/build/aswrl_sync/build/lib/aswrl_sync
[0.664s] copying aswrl_sync/dummy_odom.py -> /home/zhvv/aswrl_ws/build/aswrl_sync/build/lib/aswrl_sync
[0.664s] copying aswrl_sync/logging_utils.py -> /home/zhvv/aswrl_ws/build/aswrl_sync/build/lib/aswrl_sync
[0.665s] copying aswrl_sync/__init__.py -> /home/zhvv/aswrl_ws/build/aswrl_sync/build/lib/aswrl_sync
[0.665s] copying aswrl_sync/sync_master.py -> /home/zhvv/aswrl_ws/build/aswrl_sync/build/lib/aswrl_sync
[0.665s] creating /home/zhvv/aswrl_ws/build/aswrl_sync/build/lib/aswrl_sync/rl
[0.665s] copying aswrl_sync/rl/train_dqn.py -> /home/zhvv/aswrl_ws/build/aswrl_sync/build/lib/aswrl_sync/rl
[0.665s] copying aswrl_sync/rl/aswrl_env.py -> /home/zhvv/aswrl_ws/build/aswrl_sync/build/lib/aswrl_sync/rl
[0.665s] copying aswrl_sync/rl/dqn.py -> /home/zhvv/aswrl_ws/build/aswrl_sync/build/lib/aswrl_sync/rl
[0.665s] copying aswrl_sync/rl/export_policy.py -> /home/zhvv/aswrl_ws/build/aswrl_sync/build/lib/aswrl_sync/rl
[0.665s] copying aswrl_sync/rl/__init__.py -> /home/zhvv/aswrl_ws/build/aswrl_sync/build/lib/aswrl_sync/rl
[0.665s] running install
[0.666s] running install_lib
[0.666s] creating /home/zhvv/aswrl_ws/install/aswrl_sync/lib/python3.10/site-packages/aswrl_sync
[0.666s] copying /home/zhvv/aswrl_ws/build/aswrl_sync/build/lib/aswrl_sync/netem_controller.py -> /home/zhvv/aswrl_ws/install/aswrl_sync/lib/python3.10/site-packages/aswrl_sync
[0.667s] copying /home/zhvv/aswrl_ws/build/aswrl_sync/build/lib/aswrl_sync/window_controller.py -> /home/zhvv/aswrl_ws/install/aswrl_sync/lib/python3.10/site-packages/aswrl_sync
[0.667s] copying /home/zhvv/aswrl_ws/build/aswrl_sync/build/lib/aswrl_sync/compensation_node.py -> /home/zhvv/aswrl_ws/install/aswrl_sync/lib/python3.10/site-packages/aswrl_sync
[0.667s] creating /home/zhvv/aswrl_ws/install/aswrl_sync/lib/python3.10/site-packages/aswrl_sync/rl
[0.667s] copying /home/zhvv/aswrl_ws/build/aswrl_sync/build/lib/aswrl_sync/rl/train_dqn.py -> /home/zhvv/aswrl_ws/install/aswrl_sync/lib/python3.10/site-packages/aswrl_sync/rl
[0.667s] copying /home/zhvv/aswrl_ws/build/aswrl_sync/build/lib/aswrl_sync/rl/aswrl_env.py -> /home/zhvv/aswrl_ws/install/aswrl_sync/lib/python3.10/site-packages/aswrl_sync/rl
[0.667s] copying /home/zhvv/aswrl_ws/build/aswrl_sync/build/lib/aswrl_sync/rl/dqn.py -> /home/zhvv/aswrl_ws/install/aswrl_sync/lib/python3.10/site-packages/aswrl_sync/rl
[0.667s] copying /home/zhvv/aswrl_ws/build/aswrl_sync/build/lib/aswrl_sync/rl/export_policy.py -> /home/zhvv/aswrl_ws/install/aswrl_sync/lib/python3.10/site-packages/aswrl_sync/rl
[0.667s] copying /home/zhvv/aswrl_ws/build/aswrl_sync/build/lib/aswrl_sync/rl/__init__.py -> /home/zhvv/aswrl_ws/install/aswrl_sync/lib/python3.10/site-packages/aswrl_sync/rl
[0.667s] copying /home/zhvv/aswrl_ws/build/aswrl_sync/build/lib/aswrl_sync/formation_controller.py -> /home/zhvv/aswrl_ws/install/aswrl_sync/lib/python3.10/site-packages/aswrl_sync
[0.667s] copying /home/zhvv/aswrl_ws/build/aswrl_sync/build/lib/aswrl_sync/clock_drift.py -> /home/zhvv/aswrl_ws/install/aswrl_sync/lib/python3.10/site-packages/aswrl_sync
[0.667s] copying /home/zhvv/aswrl_ws/build/aswrl_sync/build/lib/aswrl_sync/kalman_sync.py -> /home/zhvv/aswrl_ws/install/aswrl_sync/lib/python3.10/site-packages/aswrl_sync
[0.667s] copying /home/zhvv/aswrl_ws/build/aswrl_sync/build/lib/aswrl_sync/sync_client.py -> /home/zhvv/aswrl_ws/install/aswrl_sync/lib/python3.10/site-packages/aswrl_sync
[0.668s] copying /home/zhvv/aswrl_ws/build/aswrl_sync/build/lib/aswrl_sync/dummy_odom.py -> /home/zhvv/aswrl_ws/install/aswrl_sync/lib/python3.10/site-packages/aswrl_sync
[0.668s] copying /home/zhvv/aswrl_ws/build/aswrl_sync/build/lib/aswrl_sync/logging_utils.py -> /home/zhvv/aswrl_ws/install/aswrl_sync/lib/python3.10/site-packages/aswrl_sync
[0.668s] copying /home/zhvv/aswrl_ws/build/aswrl_sync/build/lib/aswrl_sync/__init__.py -> /home/zhvv/aswrl_ws/install/aswrl_sync/lib/python3.10/site-packages/aswrl_sync
[0.668s] copying /home/zhvv/aswrl_ws/build/aswrl_sync/build/lib/aswrl_sync/sync_master.py -> /home/zhvv/aswrl_ws/install/aswrl_sync/lib/python3.10/site-packages/aswrl_sync
[0.668s] byte-compiling /home/zhvv/aswrl_ws/install/aswrl_sync/lib/python3.10/site-packages/aswrl_sync/netem_controller.py to netem_controller.cpython-310.pyc
[0.669s] byte-compiling /home/zhvv/aswrl_ws/install/aswrl_sync/lib/python3.10/site-packages/aswrl_sync/window_controller.py to window_controller.cpython-310.pyc
[0.670s] byte-compiling /home/zhvv/aswrl_ws/install/aswrl_sync/lib/python3.10/site-packages/aswrl_sync/compensation_node.py to compensation_node.cpython-310.pyc
[0.670s] byte-compiling /home/zhvv/aswrl_ws/install/aswrl_sync/lib/python3.10/site-packages/aswrl_sync/rl/train_dqn.py to train_dqn.cpython-310.pyc
[0.671s] byte-compiling /home/zhvv/aswrl_ws/install/aswrl_sync/lib/python3.10/site-packages/aswrl_sync/rl/aswrl_env.py to aswrl_env.cpython-310.pyc
[0.672s] byte-compiling /home/zhvv/aswrl_ws/install/aswrl_sync/lib/python3.10/site-packages/aswrl_sync/rl/dqn.py to dqn.cpython-310.pyc
[0.672s] byte-compiling /home/zhvv/aswrl_ws/install/aswrl_sync/lib/python3.10/site-packages/aswrl_sync/rl/export_policy.py to export_policy.cpython-310.pyc
[0.672s] byte-compiling /home/zhvv/aswrl_ws/install/aswrl_sync/lib/python3.10/site-packages/aswrl_sync/rl/__init__.py to __init__.cpython-310.pyc
[0.672s] byte-compiling /home/zhvv/aswrl_ws/install/aswrl_sync/lib/python3.10/site-packages/aswrl_sync/formation_controller.py to formation_controller.cpython-310.pyc
[0.673s] byte-compiling /home/zhvv/aswrl_ws/install/aswrl_sync/lib/python3.10/site-packages/aswrl_sync/clock_drift.py to clock_drift.cpython-310.pyc
[0.673s] byte-compiling /home/zhvv/aswrl_ws/install/aswrl_sync/lib/python3.10/site-packages/aswrl_sync/kalman_sync.py to kalman_sync.cpython-310.pyc
[0.673s] byte-compiling /home/zhvv/aswrl_ws/install/aswrl_sync/lib/python3.10/site-packages/aswrl_sync/sync_client.py to sync_client.cpython-310.pyc
[0.674s] byte-compiling /home/zhvv/aswrl_ws/install/aswrl_sync/lib/python3.10/site-packages/aswrl_sync/dummy_odom.py to dummy_odom.cpython-310.pyc
[0.675s] byte-compiling /home/zhvv/aswrl_ws/install/aswrl_sync/lib/python3.10/site-packages/aswrl_sync/logging_utils.py to logging_utils.cpython-310.pyc
[0.675s] byte-compiling /home/zhvv/aswrl_ws/install/aswrl_sync/lib/python3.10/site-packages/aswrl_sync/__init__.py to __init__.cpython-310.pyc
[0.675s] byte-compiling /home/zhvv/aswrl_ws/install/aswrl_sync/lib/python3.10/site-packages/aswrl_sync/sync_master.py to sync_master.cpython-310.pyc
[0.676s] running install_data
[0.676s] creating /home/zhvv/aswrl_ws/install/aswrl_sync/share/ament_index
[0.676s] creating /home/zhvv/aswrl_ws/install/aswrl_sync/share/ament_index/resource_index
[0.676s] creating /home/zhvv/aswrl_ws/install/aswrl_sync/share/ament_index/resource_index/packages
[0.676s] copying resource/aswrl_sync -> /home/zhvv/aswrl_ws/install/aswrl_sync/share/ament_index/resource_index/packages
[0.676s] copying package.xml -> /home/zhvv/aswrl_ws/install/aswrl_sync/share/aswrl_sync
[0.676s] creating /home/zhvv/aswrl_ws/install/aswrl_sync/share/aswrl_sync/launch
[0.676s] copying launch/bringup_uav.launch.py -> /home/zhvv/aswrl_ws/install/aswrl_sync/share/aswrl_sync/launch
[0.676s] copying launch/sim_multi_robot.launch.py -> /home/zhvv/aswrl_ws/install/aswrl_sync/share/aswrl_sync/launch
[0.676s] copying launch/bringup_dog.launch.py -> /home/zhvv/aswrl_ws/install/aswrl_sync/share/aswrl_sync/launch
[0.677s] creating /home/zhvv/aswrl_ws/install/aswrl_sync/share/aswrl_sync/gazebo
[0.677s] creating /home/zhvv/aswrl_ws/install/aswrl_sync/share/aswrl_sync/gazebo/worlds
[0.677s] copying gazebo/worlds/multi_robot.world -> /home/zhvv/aswrl_ws/install/aswrl_sync/share/aswrl_sync/gazebo/worlds
[0.677s] creating /home/zhvv/aswrl_ws/install/aswrl_sync/share/aswrl_sync/gazebo/models
[0.677s] creating /home/zhvv/aswrl_ws/install/aswrl_sync/share/aswrl_sync/gazebo/models/dog1
[0.677s] copying gazebo/models/dog1/model.sdf -> /home/zhvv/aswrl_ws/install/aswrl_sync/share/aswrl_sync/gazebo/models/dog1
[0.677s] copying gazebo/models/dog1/model.config -> /home/zhvv/aswrl_ws/install/aswrl_sync/share/aswrl_sync/gazebo/models/dog1
[0.677s] creating /home/zhvv/aswrl_ws/install/aswrl_sync/share/aswrl_sync/gazebo/models/dog2
[0.677s] copying gazebo/models/dog2/model.sdf -> /home/zhvv/aswrl_ws/install/aswrl_sync/share/aswrl_sync/gazebo/models/dog2
[0.677s] copying gazebo/models/dog2/model.config -> /home/zhvv/aswrl_ws/install/aswrl_sync/share/aswrl_sync/gazebo/models/dog2
[0.677s] creating /home/zhvv/aswrl_ws/install/aswrl_sync/share/aswrl_sync/gazebo/models/uav1
[0.677s] copying gazebo/models/uav1/model.sdf -> /home/zhvv/aswrl_ws/install/aswrl_sync/share/aswrl_sync/gazebo/models/uav1
[0.677s] copying gazebo/models/uav1/model.config -> /home/zhvv/aswrl_ws/install/aswrl_sync/share/aswrl_sync/gazebo/models/uav1
[0.677s] creating /home/zhvv/aswrl_ws/install/aswrl_sync/share/aswrl_sync/config
[0.678s] copying config/cyclonedds_dog1.xml -> /home/zhvv/aswrl_ws/install/aswrl_sync/share/aswrl_sync/config
[0.678s] copying config/cyclonedds_dog2.xml -> /home/zhvv/aswrl_ws/install/aswrl_sync/share/aswrl_sync/config
[0.678s] copying config/cyclonedds_uav1.xml -> /home/zhvv/aswrl_ws/install/aswrl_sync/share/aswrl_sync/config
[0.678s] creating /home/zhvv/aswrl_ws/install/aswrl_sync/share/aswrl_sync/config/net_scenarios
[0.678s] copying config/net_scenarios/stable.yaml -> /home/zhvv/aswrl_ws/install/aswrl_sync/share/aswrl_sync/config/net_scenarios
[0.678s] copying config/net_scenarios/multimodal.yaml -> /home/zhvv/aswrl_ws/install/aswrl_sync/share/aswrl_sync/config/net_scenarios
[0.678s] copying config/net_scenarios/jitter.yaml -> /home/zhvv/aswrl_ws/install/aswrl_sync/share/aswrl_sync/config/net_scenarios
[0.678s] copying config/net_scenarios/route_switch.yaml -> /home/zhvv/aswrl_ws/install/aswrl_sync/share/aswrl_sync/config/net_scenarios
[0.678s] creating /home/zhvv/aswrl_ws/install/aswrl_sync/share/aswrl_sync/scripts
[0.678s] copying scripts/setup_netns.sh -> /home/zhvv/aswrl_ws/install/aswrl_sync/share/aswrl_sync/scripts
[0.678s] copying scripts/cleanup_netns.sh -> /home/zhvv/aswrl_ws/install/aswrl_sync/share/aswrl_sync/scripts
[0.678s] creating /home/zhvv/aswrl_ws/install/aswrl_sync/share/aswrl_sync/README
[0.678s] copying README.md -> /home/zhvv/aswrl_ws/install/aswrl_sync/share/aswrl_sync/README
[0.679s] running install_egg_info
[0.680s] Copying ../../../build/aswrl_sync/aswrl_sync.egg-info to /home/zhvv/aswrl_ws/install/aswrl_sync/lib/python3.10/site-packages/aswrl_sync-0.1.0-py3.10.egg-info
[0.681s] running install_scripts
[0.697s] Installing compensation_node script to /home/zhvv/aswrl_ws/install/aswrl_sync/lib/aswrl_sync
[0.697s] Installing dummy_odom script to /home/zhvv/aswrl_ws/install/aswrl_sync/lib/aswrl_sync
[0.698s] Installing export_policy script to /home/zhvv/aswrl_ws/install/aswrl_sync/lib/aswrl_sync
[0.698s] Installing formation_controller script to /home/zhvv/aswrl_ws/install/aswrl_sync/lib/aswrl_sync
[0.698s] Installing netem_controller script to /home/zhvv/aswrl_ws/install/aswrl_sync/lib/aswrl_sync
[0.698s] Installing sync_client script to /home/zhvv/aswrl_ws/install/aswrl_sync/lib/aswrl_sync
[0.698s] Installing sync_master script to /home/zhvv/aswrl_ws/install/aswrl_sync/lib/aswrl_sync
[0.698s] Installing train_dqn script to /home/zhvv/aswrl_ws/install/aswrl_sync/lib/aswrl_sync
[0.698s] writing list of installed files to '/home/zhvv/aswrl_ws/build/aswrl_sync/install.log'
[0.723s] Invoked command in '/home/zhvv/aswrl_ws/aswrl_ws/src/aswrl_sync' returned '0': CONDA_PROMPT_MODIFIER=(aswrl) PYTHONPATH=/home/zhvv/aswrl_ws/build/aswrl_sync/prefix_override:/usr/lib/python3/dist-packages/colcon_core/task/python/colcon_distutils_commands:/home/zhvv/aswrl_ws/install/aswrl_sync/lib/python3.10/site-packages:${PYTHONPATH} /usr/bin/python3 -W ignore:setup.py install is deprecated -W ignore:easy_install command is deprecated setup.py egg_info --egg-base ../../../build/aswrl_sync build --build-base /home/zhvv/aswrl_ws/build/aswrl_sync/build install --record /home/zhvv/aswrl_ws/build/aswrl_sync/install.log --single-version-externally-managed install_data
