[0.496s] Invoking command in '/home/zhvv/aswrl_ws/src/aswrl_sync': PYTHONPATH=/home/zhvv/aswrl_ws/build/aswrl_sync/prefix_override:/usr/lib/python3/dist-packages/colcon_core/task/python/colcon_distutils_commands:/home/zhvv/aswrl_ws/install/aswrl_sync/lib/python3.10/site-packages:${PYTHONPATH} /usr/bin/python3 -W ignore:setup.py install is deprecated -W ignore:easy_install command is deprecated setup.py egg_info --egg-base ../../build/aswrl_sync build --build-base /home/zhvv/aswrl_ws/build/aswrl_sync/build install --record /home/zhvv/aswrl_ws/build/aswrl_sync/install.log --single-version-externally-managed install_data
[0.684s] running egg_info
[0.685s] writing ../../build/aswrl_sync/aswrl_sync.egg-info/PKG-INFO
[0.685s] writing dependency_links to ../../build/aswrl_sync/aswrl_sync.egg-info/dependency_links.txt
[0.685s] writing entry points to ../../build/aswrl_sync/aswrl_sync.egg-info/entry_points.txt
[0.685s] writing requirements to ../../build/aswrl_sync/aswrl_sync.egg-info/requires.txt
[0.685s] writing top-level names to ../../build/aswrl_sync/aswrl_sync.egg-info/top_level.txt
[0.687s] reading manifest file '../../build/aswrl_sync/aswrl_sync.egg-info/SOURCES.txt'
[0.688s] writing manifest file '../../build/aswrl_sync/aswrl_sync.egg-info/SOURCES.txt'
[0.688s] running build
[0.688s] running build_py
[0.689s] running install
[0.689s] running install_lib
[0.690s] running install_data
[0.691s] running install_egg_info
[0.692s] removing '/home/zhvv/aswrl_ws/install/aswrl_sync/lib/python3.10/site-packages/aswrl_sync-0.1.0-py3.10.egg-info' (and everything under it)
[0.693s] Copying ../../build/aswrl_sync/aswrl_sync.egg-info to /home/zhvv/aswrl_ws/install/aswrl_sync/lib/python3.10/site-packages/aswrl_sync-0.1.0-py3.10.egg-info
[0.694s] running install_scripts
[0.711s] Installing compensation_node script to /home/zhvv/aswrl_ws/install/aswrl_sync/lib/aswrl_sync
[0.711s] Installing dummy_odom script to /home/zhvv/aswrl_ws/install/aswrl_sync/lib/aswrl_sync
[0.711s] Installing export_policy script to /home/zhvv/aswrl_ws/install/aswrl_sync/lib/aswrl_sync
[0.711s] Installing formation_controller script to /home/zhvv/aswrl_ws/install/aswrl_sync/lib/aswrl_sync
[0.712s] Installing netem_controller script to /home/zhvv/aswrl_ws/install/aswrl_sync/lib/aswrl_sync
[0.712s] Installing sync_client script to /home/zhvv/aswrl_ws/install/aswrl_sync/lib/aswrl_sync
[0.712s] Installing sync_master script to /home/zhvv/aswrl_ws/install/aswrl_sync/lib/aswrl_sync
[0.712s] Installing train_dqn script to /home/zhvv/aswrl_ws/install/aswrl_sync/lib/aswrl_sync
[0.712s] writing list of installed files to '/home/zhvv/aswrl_ws/build/aswrl_sync/install.log'
[0.738s] Invoked command in '/home/zhvv/aswrl_ws/src/aswrl_sync' returned '0': PYTHONPATH=/home/zhvv/aswrl_ws/build/aswrl_sync/prefix_override:/usr/lib/python3/dist-packages/colcon_core/task/python/colcon_distutils_commands:/home/zhvv/aswrl_ws/install/aswrl_sync/lib/python3.10/site-packages:${PYTHONPATH} /usr/bin/python3 -W ignore:setup.py install is deprecated -W ignore:easy_install command is deprecated setup.py egg_info --egg-base ../../build/aswrl_sync build --build-base /home/zhvv/aswrl_ws/build/aswrl_sync/build install --record /home/zhvv/aswrl_ws/build/aswrl_sync/install.log --single-version-externally-managed install_data
