running develop
running egg_info
writing aswrl_sync.egg-info/PKG-INFO
writing dependency_links to aswrl_sync.egg-info/dependency_links.txt
writing entry points to aswrl_sync.egg-info/entry_points.txt
writing requirements to aswrl_sync.egg-info/requires.txt
writing top-level names to aswrl_sync.egg-info/top_level.txt
reading manifest file 'aswrl_sync.egg-info/SOURCES.txt'
writing manifest file 'aswrl_sync.egg-info/SOURCES.txt'
running build_ext
Creating /home/zhvv/aswrl_ws/install/aswrl_sync/lib/python3.10/site-packages/aswrl-sync.egg-link (link to .)
Installing compensation_node script to /home/zhvv/aswrl_ws/install/aswrl_sync/lib/aswrl_sync
Installing dummy_odom script to /home/zhvv/aswrl_ws/install/aswrl_sync/lib/aswrl_sync
Installing export_policy script to /home/zhvv/aswrl_ws/install/aswrl_sync/lib/aswrl_sync
Installing formation_controller script to /home/zhvv/aswrl_ws/install/aswrl_sync/lib/aswrl_sync
Installing netem_controller script to /home/zhvv/aswrl_ws/install/aswrl_sync/lib/aswrl_sync
Installing sync_client script to /home/zhvv/aswrl_ws/install/aswrl_sync/lib/aswrl_sync
Installing sync_master script to /home/zhvv/aswrl_ws/install/aswrl_sync/lib/aswrl_sync
Installing train_dqn script to /home/zhvv/aswrl_ws/install/aswrl_sync/lib/aswrl_sync

Installed /home/zhvv/aswrl_ws/build/aswrl_sync
running symlink_data
