running develop
Removing /home/zhvv/aswrl_ws/install/aswrl_sync/lib/python3.10/site-packages/aswrl-sync.egg-link (link to .)
running egg_info
writing ../../build/aswrl_sync/aswrl_sync.egg-info/PKG-INFO
writing dependency_links to ../../build/aswrl_sync/aswrl_sync.egg-info/dependency_links.txt
writing entry points to ../../build/aswrl_sync/aswrl_sync.egg-info/entry_points.txt
writing requirements to ../../build/aswrl_sync/aswrl_sync.egg-info/requires.txt
writing top-level names to ../../build/aswrl_sync/aswrl_sync.egg-info/top_level.txt
reading manifest file '../../build/aswrl_sync/aswrl_sync.egg-info/SOURCES.txt'
writing manifest file '../../build/aswrl_sync/aswrl_sync.egg-info/SOURCES.txt'
running build
running build_py
copying aswrl_sync/sync_master.py -> /home/zhvv/aswrl_ws/build/aswrl_sync/build/lib/aswrl_sync
running install
running install_lib
creating /home/zhvv/aswrl_ws/install/aswrl_sync/lib/python3.10/site-packages/aswrl_sync
copying /home/zhvv/aswrl_ws/build/aswrl_sync/build/lib/aswrl_sync/netem_controller.py -> /home/zhvv/aswrl_ws/install/aswrl_sync/lib/python3.10/site-packages/aswrl_sync
copying /home/zhvv/aswrl_ws/build/aswrl_sync/build/lib/aswrl_sync/window_controller.py -> /home/zhvv/aswrl_ws/install/aswrl_sync/lib/python3.10/site-packages/aswrl_sync
copying /home/zhvv/aswrl_ws/build/aswrl_sync/build/lib/aswrl_sync/compensation_node.py -> /home/zhvv/aswrl_ws/install/aswrl_sync/lib/python3.10/site-packages/aswrl_sync
creating /home/zhvv/aswrl_ws/install/aswrl_sync/lib/python3.10/site-packages/aswrl_sync/rl
copying /home/zhvv/aswrl_ws/build/aswrl_sync/build/lib/aswrl_sync/rl/train_dqn.py -> /home/zhvv/aswrl_ws/install/aswrl_sync/lib/python3.10/site-packages/aswrl_sync/rl
copying /home/zhvv/aswrl_ws/build/aswrl_sync/build/lib/aswrl_sync/rl/aswrl_env.py -> /home/zhvv/aswrl_ws/install/aswrl_sync/lib/python3.10/site-packages/aswrl_sync/rl
copying /home/zhvv/aswrl_ws/build/aswrl_sync/build/lib/aswrl_sync/rl/dqn.py -> /home/zhvv/aswrl_ws/install/aswrl_sync/lib/python3.10/site-packages/aswrl_sync/rl
copying /home/zhvv/aswrl_ws/build/aswrl_sync/build/lib/aswrl_sync/rl/export_policy.py -> /home/zhvv/aswrl_ws/install/aswrl_sync/lib/python3.10/site-packages/aswrl_sync/rl
copying /home/zhvv/aswrl_ws/build/aswrl_sync/build/lib/aswrl_sync/rl/__init__.py -> /home/zhvv/aswrl_ws/install/aswrl_sync/lib/python3.10/site-packages/aswrl_sync/rl
copying /home/zhvv/aswrl_ws/build/aswrl_sync/build/lib/aswrl_sync/formation_controller.py -> /home/zhvv/aswrl_ws/install/aswrl_sync/lib/python3.10/site-packages/aswrl_sync
copying /home/zhvv/aswrl_ws/build/aswrl_sync/build/lib/aswrl_sync/clock_drift.py -> /home/zhvv/aswrl_ws/install/aswrl_sync/lib/python3.10/site-packages/aswrl_sync
copying /home/zhvv/aswrl_ws/build/aswrl_sync/build/lib/aswrl_sync/kalman_sync.py -> /home/zhvv/aswrl_ws/install/aswrl_sync/lib/python3.10/site-packages/aswrl_sync
copying /home/zhvv/aswrl_ws/build/aswrl_sync/build/lib/aswrl_sync/sync_client.py -> /home/zhvv/aswrl_ws/install/aswrl_sync/lib/python3.10/site-packages/aswrl_sync
copying /home/zhvv/aswrl_ws/build/aswrl_sync/build/lib/aswrl_sync/dummy_odom.py -> /home/zhvv/aswrl_ws/install/aswrl_sync/lib/python3.10/site-packages/aswrl_sync
copying /home/zhvv/aswrl_ws/build/aswrl_sync/build/lib/aswrl_sync/logging_utils.py -> /home/zhvv/aswrl_ws/install/aswrl_sync/lib/python3.10/site-packages/aswrl_sync
copying /home/zhvv/aswrl_ws/build/aswrl_sync/build/lib/aswrl_sync/__init__.py -> /home/zhvv/aswrl_ws/install/aswrl_sync/lib/python3.10/site-packages/aswrl_sync
copying /home/zhvv/aswrl_ws/build/aswrl_sync/build/lib/aswrl_sync/sync_master.py -> /home/zhvv/aswrl_ws/install/aswrl_sync/lib/python3.10/site-packages/aswrl_sync
byte-compiling /home/zhvv/aswrl_ws/install/aswrl_sync/lib/python3.10/site-packages/aswrl_sync/netem_controller.py to netem_controller.cpython-310.pyc
byte-compiling /home/zhvv/aswrl_ws/install/aswrl_sync/lib/python3.10/site-packages/aswrl_sync/window_controller.py to window_controller.cpython-310.pyc
byte-compiling /home/zhvv/aswrl_ws/install/aswrl_sync/lib/python3.10/site-packages/aswrl_sync/compensation_node.py to compensation_node.cpython-310.pyc
byte-compiling /home/zhvv/aswrl_ws/install/aswrl_sync/lib/python3.10/site-packages/aswrl_sync/rl/train_dqn.py to train_dqn.cpython-310.pyc
byte-compiling /home/zhvv/aswrl_ws/install/aswrl_sync/lib/python3.10/site-packages/aswrl_sync/rl/aswrl_env.py to aswrl_env.cpython-310.pyc
byte-compiling /home/zhvv/aswrl_ws/install/aswrl_sync/lib/python3.10/site-packages/aswrl_sync/rl/dqn.py to dqn.cpython-310.pyc
byte-compiling /home/zhvv/aswrl_ws/install/aswrl_sync/lib/python3.10/site-packages/aswrl_sync/rl/export_policy.py to export_policy.cpython-310.pyc
byte-compiling /home/zhvv/aswrl_ws/install/aswrl_sync/lib/python3.10/site-packages/aswrl_sync/rl/__init__.py to __init__.cpython-310.pyc
byte-compiling /home/zhvv/aswrl_ws/install/aswrl_sync/lib/python3.10/site-packages/aswrl_sync/formation_controller.py to formation_controller.cpython-310.pyc
byte-compiling /home/zhvv/aswrl_ws/install/aswrl_sync/lib/python3.10/site-packages/aswrl_sync/clock_drift.py to clock_drift.cpython-310.pyc
byte-compiling /home/zhvv/aswrl_ws/install/aswrl_sync/lib/python3.10/site-packages/aswrl_sync/kalman_sync.py to kalman_sync.cpython-310.pyc
byte-compiling /home/zhvv/aswrl_ws/install/aswrl_sync/lib/python3.10/site-packages/aswrl_sync/sync_client.py to sync_client.cpython-310.pyc
byte-compiling /home/zhvv/aswrl_ws/install/aswrl_sync/lib/python3.10/site-packages/aswrl_sync/dummy_odom.py to dummy_odom.cpython-310.pyc
byte-compiling /home/zhvv/aswrl_ws/install/aswrl_sync/lib/python3.10/site-packages/aswrl_sync/logging_utils.py to logging_utils.cpython-310.pyc
byte-compiling /home/zhvv/aswrl_ws/install/aswrl_sync/lib/python3.10/site-packages/aswrl_sync/__init__.py to __init__.cpython-310.pyc
byte-compiling /home/zhvv/aswrl_ws/install/aswrl_sync/lib/python3.10/site-packages/aswrl_sync/sync_master.py to sync_master.cpython-310.pyc
running install_data
copying resource/aswrl_sync -> /home/zhvv/aswrl_ws/install/aswrl_sync/share/ament_index/resource_index/packages
copying package.xml -> /home/zhvv/aswrl_ws/install/aswrl_sync/share/aswrl_sync
copying launch/bringup_uav.launch.py -> /home/zhvv/aswrl_ws/install/aswrl_sync/share/aswrl_sync/launch
copying launch/sim_multi_robot.launch.py -> /home/zhvv/aswrl_ws/install/aswrl_sync/share/aswrl_sync/launch
copying launch/bringup_dog.launch.py -> /home/zhvv/aswrl_ws/install/aswrl_sync/share/aswrl_sync/launch
copying gazebo/worlds/multi_robot.world -> /home/zhvv/aswrl_ws/install/aswrl_sync/share/aswrl_sync/gazebo/worlds
copying gazebo/models/dog1/model.sdf -> /home/zhvv/aswrl_ws/install/aswrl_sync/share/aswrl_sync/gazebo/models/dog1
copying gazebo/models/dog1/model.config -> /home/zhvv/aswrl_ws/install/aswrl_sync/share/aswrl_sync/gazebo/models/dog1
copying gazebo/models/dog2/model.sdf -> /home/zhvv/aswrl_ws/install/aswrl_sync/share/aswrl_sync/gazebo/models/dog2
copying gazebo/models/dog2/model.config -> /home/zhvv/aswrl_ws/install/aswrl_sync/share/aswrl_sync/gazebo/models/dog2
copying gazebo/models/uav1/model.sdf -> /home/zhvv/aswrl_ws/install/aswrl_sync/share/aswrl_sync/gazebo/models/uav1
copying gazebo/models/uav1/model.config -> /home/zhvv/aswrl_ws/install/aswrl_sync/share/aswrl_sync/gazebo/models/uav1
copying config/cyclonedds_dog1.xml -> /home/zhvv/aswrl_ws/install/aswrl_sync/share/aswrl_sync/config
copying config/cyclonedds_dog2.xml -> /home/zhvv/aswrl_ws/install/aswrl_sync/share/aswrl_sync/config
copying config/cyclonedds_uav1.xml -> /home/zhvv/aswrl_ws/install/aswrl_sync/share/aswrl_sync/config
copying config/net_scenarios/stable.yaml -> /home/zhvv/aswrl_ws/install/aswrl_sync/share/aswrl_sync/config/net_scenarios
copying config/net_scenarios/multimodal.yaml -> /home/zhvv/aswrl_ws/install/aswrl_sync/share/aswrl_sync/config/net_scenarios
copying config/net_scenarios/jitter.yaml -> /home/zhvv/aswrl_ws/install/aswrl_sync/share/aswrl_sync/config/net_scenarios
copying config/net_scenarios/route_switch.yaml -> /home/zhvv/aswrl_ws/install/aswrl_sync/share/aswrl_sync/config/net_scenarios
copying scripts/setup_netns.sh -> /home/zhvv/aswrl_ws/install/aswrl_sync/share/aswrl_sync/scripts
copying scripts/cleanup_netns.sh -> /home/zhvv/aswrl_ws/install/aswrl_sync/share/aswrl_sync/scripts
copying README.md -> /home/zhvv/aswrl_ws/install/aswrl_sync/share/aswrl_sync/README
running install_egg_info
Copying ../../build/aswrl_sync/aswrl_sync.egg-info to /home/zhvv/aswrl_ws/install/aswrl_sync/lib/python3.10/site-packages/aswrl_sync-0.1.0-py3.10.egg-info
running install_scripts
Installing compensation_node script to /home/zhvv/aswrl_ws/install/aswrl_sync/lib/aswrl_sync
Installing dummy_odom script to /home/zhvv/aswrl_ws/install/aswrl_sync/lib/aswrl_sync
Installing export_policy script to /home/zhvv/aswrl_ws/install/aswrl_sync/lib/aswrl_sync
Installing formation_controller script to /home/zhvv/aswrl_ws/install/aswrl_sync/lib/aswrl_sync
Installing netem_controller script to /home/zhvv/aswrl_ws/install/aswrl_sync/lib/aswrl_sync
Installing sync_client script to /home/zhvv/aswrl_ws/install/aswrl_sync/lib/aswrl_sync
Installing sync_master script to /home/zhvv/aswrl_ws/install/aswrl_sync/lib/aswrl_sync
Installing train_dqn script to /home/zhvv/aswrl_ws/install/aswrl_sync/lib/aswrl_sync
writing list of installed files to '/home/zhvv/aswrl_ws/build/aswrl_sync/install.log'
