[0.495s] Invoking command in '/home/zhvv/aswrl_ws/build/aswrl_sync': PYTHONPATH=/home/zhvv/aswrl_ws/build/aswrl_sync/prefix_override:/usr/lib/python3/dist-packages/colcon_core/task/python/colcon_distutils_commands:/home/zhvv/aswrl_ws/install/aswrl_sync/lib/python3.10/site-packages:${PYTHONPATH} /usr/bin/python3 -W ignore:setup.py install is deprecated -W ignore:easy_install command is deprecated setup.py develop --uninstall --editable --build-directory /home/zhvv/aswrl_ws/build/aswrl_sync/build
[0.698s] running develop
[0.823s] Removing /home/zhvv/aswrl_ws/install/aswrl_sync/lib/python3.10/site-packages/aswrl-sync.egg-link (link to .)
[0.854s] Invoked command in '/home/zhvv/aswrl_ws/build/aswrl_sync' returned '0': PYTHONPATH=/home/zhvv/aswrl_ws/build/aswrl_sync/prefix_override:/usr/lib/python3/dist-packages/colcon_core/task/python/colcon_distutils_commands:/home/zhvv/aswrl_ws/install/aswrl_sync/lib/python3.10/site-packages:${PYTHONPATH} /usr/bin/python3 -W ignore:setup.py install is deprecated -W ignore:easy_install command is deprecated setup.py develop --uninstall --editable --build-directory /home/zhvv/aswrl_ws/build/aswrl_sync/build
[0.856s] Invoking command in '/home/zhvv/aswrl_ws/src/aswrl_sync': PYTHONPATH=/home/zhvv/aswrl_ws/build/aswrl_sync/prefix_override:/usr/lib/python3/dist-packages/colcon_core/task/python/colcon_distutils_commands:/home/zhvv/aswrl_ws/install/aswrl_sync/lib/python3.10/site-packages:${PYTHONPATH} /usr/bin/python3 -W ignore:setup.py install is deprecated -W ignore:easy_install command is deprecated setup.py egg_info --egg-base ../../build/aswrl_sync build --build-base /home/zhvv/aswrl_ws/build/aswrl_sync/build install --record /home/zhvv/aswrl_ws/build/aswrl_sync/install.log --single-version-externally-managed install_data --force
[1.045s] running egg_info
[1.045s] writing ../../build/aswrl_sync/aswrl_sync.egg-info/PKG-INFO
[1.046s] writing dependency_links to ../../build/aswrl_sync/aswrl_sync.egg-info/dependency_links.txt
[1.046s] writing entry points to ../../build/aswrl_sync/aswrl_sync.egg-info/entry_points.txt
[1.046s] writing requirements to ../../build/aswrl_sync/aswrl_sync.egg-info/requires.txt
[1.046s] writing top-level names to ../../build/aswrl_sync/aswrl_sync.egg-info/top_level.txt
[1.048s] reading manifest file '../../build/aswrl_sync/aswrl_sync.egg-info/SOURCES.txt'
[1.049s] writing manifest file '../../build/aswrl_sync/aswrl_sync.egg-info/SOURCES.txt'
[1.049s] running build
[1.049s] running build_py
[1.049s] copying aswrl_sync/sync_master.py -> /home/zhvv/aswrl_ws/build/aswrl_sync/build/lib/aswrl_sync
[1.050s] running install
[1.050s] running install_lib
[1.051s] creating /home/zhvv/aswrl_ws/install/aswrl_sync/lib/python3.10/site-packages/aswrl_sync
[1.051s] copying /home/zhvv/aswrl_ws/build/aswrl_sync/build/lib/aswrl_sync/netem_controller.py -> /home/zhvv/aswrl_ws/install/aswrl_sync/lib/python3.10/site-packages/aswrl_sync
[1.054s] copying /home/zhvv/aswrl_ws/build/aswrl_sync/build/lib/aswrl_sync/window_controller.py -> /home/zhvv/aswrl_ws/install/aswrl_sync/lib/python3.10/site-packages/aswrl_sync
[1.054s] copying /home/zhvv/aswrl_ws/build/aswrl_sync/build/lib/aswrl_sync/compensation_node.py -> /home/zhvv/aswrl_ws/install/aswrl_sync/lib/python3.10/site-packages/aswrl_sync
[1.055s] creating /home/zhvv/aswrl_ws/install/aswrl_sync/lib/python3.10/site-packages/aswrl_sync/rl
[1.055s] copying /home/zhvv/aswrl_ws/build/aswrl_sync/build/lib/aswrl_sync/rl/train_dqn.py -> /home/zhvv/aswrl_ws/install/aswrl_sync/lib/python3.10/site-packages/aswrl_sync/rl
[1.055s] copying /home/zhvv/aswrl_ws/build/aswrl_sync/build/lib/aswrl_sync/rl/aswrl_env.py -> /home/zhvv/aswrl_ws/install/aswrl_sync/lib/python3.10/site-packages/aswrl_sync/rl
[1.055s] copying /home/zhvv/aswrl_ws/build/aswrl_sync/build/lib/aswrl_sync/rl/dqn.py -> /home/zhvv/aswrl_ws/install/aswrl_sync/lib/python3.10/site-packages/aswrl_sync/rl
[1.056s] copying /home/zhvv/aswrl_ws/build/aswrl_sync/build/lib/aswrl_sync/rl/export_policy.py -> /home/zhvv/aswrl_ws/install/aswrl_sync/lib/python3.10/site-packages/aswrl_sync/rl
[1.056s] copying /home/zhvv/aswrl_ws/build/aswrl_sync/build/lib/aswrl_sync/rl/__init__.py -> /home/zhvv/aswrl_ws/install/aswrl_sync/lib/python3.10/site-packages/aswrl_sync/rl
[1.056s] copying /home/zhvv/aswrl_ws/build/aswrl_sync/build/lib/aswrl_sync/formation_controller.py -> /home/zhvv/aswrl_ws/install/aswrl_sync/lib/python3.10/site-packages/aswrl_sync
[1.056s] copying /home/zhvv/aswrl_ws/build/aswrl_sync/build/lib/aswrl_sync/clock_drift.py -> /home/zhvv/aswrl_ws/install/aswrl_sync/lib/python3.10/site-packages/aswrl_sync
[1.056s] copying /home/zhvv/aswrl_ws/build/aswrl_sync/build/lib/aswrl_sync/kalman_sync.py -> /home/zhvv/aswrl_ws/install/aswrl_sync/lib/python3.10/site-packages/aswrl_sync
[1.056s] copying /home/zhvv/aswrl_ws/build/aswrl_sync/build/lib/aswrl_sync/sync_client.py -> /home/zhvv/aswrl_ws/install/aswrl_sync/lib/python3.10/site-packages/aswrl_sync
[1.057s] copying /home/zhvv/aswrl_ws/build/aswrl_sync/build/lib/aswrl_sync/dummy_odom.py -> /home/zhvv/aswrl_ws/install/aswrl_sync/lib/python3.10/site-packages/aswrl_sync
[1.057s] copying /home/zhvv/aswrl_ws/build/aswrl_sync/build/lib/aswrl_sync/logging_utils.py -> /home/zhvv/aswrl_ws/install/aswrl_sync/lib/python3.10/site-packages/aswrl_sync
[1.057s] copying /home/zhvv/aswrl_ws/build/aswrl_sync/build/lib/aswrl_sync/__init__.py -> /home/zhvv/aswrl_ws/install/aswrl_sync/lib/python3.10/site-packages/aswrl_sync
[1.057s] copying /home/zhvv/aswrl_ws/build/aswrl_sync/build/lib/aswrl_sync/sync_master.py -> /home/zhvv/aswrl_ws/install/aswrl_sync/lib/python3.10/site-packages/aswrl_sync
[1.057s] byte-compiling /home/zhvv/aswrl_ws/install/aswrl_sync/lib/python3.10/site-packages/aswrl_sync/netem_controller.py to netem_controller.cpython-310.pyc
[1.058s] byte-compiling /home/zhvv/aswrl_ws/install/aswrl_sync/lib/python3.10/site-packages/aswrl_sync/window_controller.py to window_controller.cpython-310.pyc
[1.059s] byte-compiling /home/zhvv/aswrl_ws/install/aswrl_sync/lib/python3.10/site-packages/aswrl_sync/compensation_node.py to compensation_node.cpython-310.pyc
[1.060s] byte-compiling /home/zhvv/aswrl_ws/install/aswrl_sync/lib/python3.10/site-packages/aswrl_sync/rl/train_dqn.py to train_dqn.cpython-310.pyc
[1.060s] byte-compiling /home/zhvv/aswrl_ws/install/aswrl_sync/lib/python3.10/site-packages/aswrl_sync/rl/aswrl_env.py to aswrl_env.cpython-310.pyc
[1.061s] byte-compiling /home/zhvv/aswrl_ws/install/aswrl_sync/lib/python3.10/site-packages/aswrl_sync/rl/dqn.py to dqn.cpython-310.pyc
[1.062s] byte-compiling /home/zhvv/aswrl_ws/install/aswrl_sync/lib/python3.10/site-packages/aswrl_sync/rl/export_policy.py to export_policy.cpython-310.pyc
[1.062s] byte-compiling /home/zhvv/aswrl_ws/install/aswrl_sync/lib/python3.10/site-packages/aswrl_sync/rl/__init__.py to __init__.cpython-310.pyc
[1.062s] byte-compiling /home/zhvv/aswrl_ws/install/aswrl_sync/lib/python3.10/site-packages/aswrl_sync/formation_controller.py to formation_controller.cpython-310.pyc
[1.063s] byte-compiling /home/zhvv/aswrl_ws/install/aswrl_sync/lib/python3.10/site-packages/aswrl_sync/clock_drift.py to clock_drift.cpython-310.pyc
[1.063s] byte-compiling /home/zhvv/aswrl_ws/install/aswrl_sync/lib/python3.10/site-packages/aswrl_sync/kalman_sync.py to kalman_sync.cpython-310.pyc
[1.063s] byte-compiling /home/zhvv/aswrl_ws/install/aswrl_sync/lib/python3.10/site-packages/aswrl_sync/sync_client.py to sync_client.cpython-310.pyc
[1.064s] byte-compiling /home/zhvv/aswrl_ws/install/aswrl_sync/lib/python3.10/site-packages/aswrl_sync/dummy_odom.py to dummy_odom.cpython-310.pyc
[1.065s] byte-compiling /home/zhvv/aswrl_ws/install/aswrl_sync/lib/python3.10/site-packages/aswrl_sync/logging_utils.py to logging_utils.cpython-310.pyc
[1.065s] byte-compiling /home/zhvv/aswrl_ws/install/aswrl_sync/lib/python3.10/site-packages/aswrl_sync/__init__.py to __init__.cpython-310.pyc
[1.065s] byte-compiling /home/zhvv/aswrl_ws/install/aswrl_sync/lib/python3.10/site-packages/aswrl_sync/sync_master.py to sync_master.cpython-310.pyc
[1.066s] running install_data
[1.066s] copying resource/aswrl_sync -> /home/zhvv/aswrl_ws/install/aswrl_sync/share/ament_index/resource_index/packages
[1.066s] copying package.xml -> /home/zhvv/aswrl_ws/install/aswrl_sync/share/aswrl_sync
[1.066s] copying launch/bringup_uav.launch.py -> /home/zhvv/aswrl_ws/install/aswrl_sync/share/aswrl_sync/launch
[1.066s] copying launch/sim_multi_robot.launch.py -> /home/zhvv/aswrl_ws/install/aswrl_sync/share/aswrl_sync/launch
[1.066s] copying launch/bringup_dog.launch.py -> /home/zhvv/aswrl_ws/install/aswrl_sync/share/aswrl_sync/launch
[1.066s] copying gazebo/worlds/multi_robot.world -> /home/zhvv/aswrl_ws/install/aswrl_sync/share/aswrl_sync/gazebo/worlds
[1.067s] copying gazebo/models/dog1/model.sdf -> /home/zhvv/aswrl_ws/install/aswrl_sync/share/aswrl_sync/gazebo/models/dog1
[1.067s] copying gazebo/models/dog1/model.config -> /home/zhvv/aswrl_ws/install/aswrl_sync/share/aswrl_sync/gazebo/models/dog1
[1.067s] copying gazebo/models/dog2/model.sdf -> /home/zhvv/aswrl_ws/install/aswrl_sync/share/aswrl_sync/gazebo/models/dog2
[1.067s] copying gazebo/models/dog2/model.config -> /home/zhvv/aswrl_ws/install/aswrl_sync/share/aswrl_sync/gazebo/models/dog2
[1.068s] copying gazebo/models/uav1/model.sdf -> /home/zhvv/aswrl_ws/install/aswrl_sync/share/aswrl_sync/gazebo/models/uav1
[1.068s] copying gazebo/models/uav1/model.config -> /home/zhvv/aswrl_ws/install/aswrl_sync/share/aswrl_sync/gazebo/models/uav1
[1.068s] copying config/cyclonedds_dog1.xml -> /home/zhvv/aswrl_ws/install/aswrl_sync/share/aswrl_sync/config
[1.068s] copying config/cyclonedds_dog2.xml -> /home/zhvv/aswrl_ws/install/aswrl_sync/share/aswrl_sync/config
[1.068s] copying config/cyclonedds_uav1.xml -> /home/zhvv/aswrl_ws/install/aswrl_sync/share/aswrl_sync/config
[1.068s] copying config/net_scenarios/stable.yaml -> /home/zhvv/aswrl_ws/install/aswrl_sync/share/aswrl_sync/config/net_scenarios
[1.068s] copying config/net_scenarios/multimodal.yaml -> /home/zhvv/aswrl_ws/install/aswrl_sync/share/aswrl_sync/config/net_scenarios
[1.068s] copying config/net_scenarios/jitter.yaml -> /home/zhvv/aswrl_ws/install/aswrl_sync/share/aswrl_sync/config/net_scenarios
[1.069s] copying config/net_scenarios/route_switch.yaml -> /home/zhvv/aswrl_ws/install/aswrl_sync/share/aswrl_sync/config/net_scenarios
[1.069s] copying scripts/setup_netns.sh -> /home/zhvv/aswrl_ws/install/aswrl_sync/share/aswrl_sync/scripts
[1.069s] copying scripts/cleanup_netns.sh -> /home/zhvv/aswrl_ws/install/aswrl_sync/share/aswrl_sync/scripts
[1.069s] copying README.md -> /home/zhvv/aswrl_ws/install/aswrl_sync/share/aswrl_sync/README
[1.069s] running install_egg_info
[1.071s] Copying ../../build/aswrl_sync/aswrl_sync.egg-info to /home/zhvv/aswrl_ws/install/aswrl_sync/lib/python3.10/site-packages/aswrl_sync-0.1.0-py3.10.egg-info
[1.072s] running install_scripts
[1.089s] Installing compensation_node script to /home/zhvv/aswrl_ws/install/aswrl_sync/lib/aswrl_sync
[1.089s] Installing dummy_odom script to /home/zhvv/aswrl_ws/install/aswrl_sync/lib/aswrl_sync
[1.089s] Installing export_policy script to /home/zhvv/aswrl_ws/install/aswrl_sync/lib/aswrl_sync
[1.090s] Installing formation_controller script to /home/zhvv/aswrl_ws/install/aswrl_sync/lib/aswrl_sync
[1.090s] Installing netem_controller script to /home/zhvv/aswrl_ws/install/aswrl_sync/lib/aswrl_sync
[1.090s] Installing sync_client script to /home/zhvv/aswrl_ws/install/aswrl_sync/lib/aswrl_sync
[1.090s] Installing sync_master script to /home/zhvv/aswrl_ws/install/aswrl_sync/lib/aswrl_sync
[1.090s] Installing train_dqn script to /home/zhvv/aswrl_ws/install/aswrl_sync/lib/aswrl_sync
[1.090s] writing list of installed files to '/home/zhvv/aswrl_ws/build/aswrl_sync/install.log'
[1.118s] Invoked command in '/home/zhvv/aswrl_ws/src/aswrl_sync' returned '0': PYTHONPATH=/home/zhvv/aswrl_ws/build/aswrl_sync/prefix_override:/usr/lib/python3/dist-packages/colcon_core/task/python/colcon_distutils_commands:/home/zhvv/aswrl_ws/install/aswrl_sync/lib/python3.10/site-packages:${PYTHONPATH} /usr/bin/python3 -W ignore:setup.py install is deprecated -W ignore:easy_install command is deprecated setup.py egg_info --egg-base ../../build/aswrl_sync build --build-base /home/zhvv/aswrl_ws/build/aswrl_sync/build install --record /home/zhvv/aswrl_ws/build/aswrl_sync/install.log --single-version-externally-managed install_data --force
