[0.083s] DEBUG:colcon:Command line arguments: ['/usr/bin/colcon', 'build']
[0.083s] DEBUG:colcon:Parsed command line arguments: Namespace(log_base=None, log_level=None, verb_name='build', build_base='build', install_base='install', merge_install=False, symlink_install=False, test_result_base=None, continue_on_error=False, executor='parallel', parallel_workers=16, event_handlers=None, ignore_user_meta=False, metas=['./colcon.meta'], base_paths=['.'], packages_ignore=None, packages_ignore_regex=None, paths=None, packages_up_to=None, packages_up_to_regex=None, packages_above=None, packages_above_and_dependencies=None, packages_above_depth=None, packages_select_by_dep=None, packages_skip_by_dep=None, packages_skip_up_to=None, packages_select_build_failed=False, packages_skip_build_finished=False, packages_select_test_failures=False, packages_skip_test_passed=False, packages_select=None, packages_skip=None, packages_select_regex=None, packages_skip_regex=None, packages_start=None, packages_end=None, allow_overriding=[], cmake_args=None, cmake_target=None, cmake_target_skip_unavailable=False, cmake_clean_cache=False, cmake_clean_first=False, cmake_force_configure=False, ament_cmake_args=None, catkin_cmake_args=None, catkin_skip_building_tests=False, verb_parser=<colcon_defaults.argument_parser.defaults.DefaultArgumentsDecorator object at 0x7096bae33cd0>, verb_extension=<colcon_core.verb.build.BuildVerb object at 0x7096baf78430>, main=<bound method BuildVerb.main of <colcon_core.verb.build.BuildVerb object at 0x7096baf78430>>)
[0.211s] Level 1:colcon.colcon_core.package_discovery:discover_packages(colcon_meta) check parameters
[0.211s] Level 1:colcon.colcon_core.package_discovery:discover_packages(recursive) check parameters
[0.211s] Level 1:colcon.colcon_core.package_discovery:discover_packages(ignore) check parameters
[0.211s] Level 1:colcon.colcon_core.package_discovery:discover_packages(path) check parameters
[0.211s] Level 1:colcon.colcon_core.package_discovery:discover_packages(colcon_meta) discover
[0.211s] Level 1:colcon.colcon_core.package_discovery:discover_packages(recursive) discover
[0.211s] INFO:colcon.colcon_core.package_discovery:Crawling recursively for packages in '/home/zhvv/aswrl_ws'
[0.211s] Level 1:colcon.colcon_core.package_identification:_identify(.) by extensions ['ignore', 'ignore_ament_install']
[0.211s] Level 1:colcon.colcon_core.package_identification:_identify(.) by extension 'ignore'
[0.212s] Level 1:colcon.colcon_core.package_identification:_identify(.) by extension 'ignore_ament_install'
[0.212s] Level 1:colcon.colcon_core.package_identification:_identify(.) by extensions ['colcon_pkg']
[0.212s] Level 1:colcon.colcon_core.package_identification:_identify(.) by extension 'colcon_pkg'
[0.212s] Level 1:colcon.colcon_core.package_identification:_identify(.) by extensions ['colcon_meta']
[0.212s] Level 1:colcon.colcon_core.package_identification:_identify(.) by extension 'colcon_meta'
[0.212s] Level 1:colcon.colcon_core.package_identification:_identify(.) by extensions ['ros']
[0.212s] Level 1:colcon.colcon_core.package_identification:_identify(.) by extension 'ros'
[0.221s] Level 1:colcon.colcon_core.package_identification:_identify(.) by extensions ['cmake', 'python']
[0.221s] Level 1:colcon.colcon_core.package_identification:_identify(.) by extension 'cmake'
[0.221s] Level 1:colcon.colcon_core.package_identification:_identify(.) by extension 'python'
[0.221s] Level 1:colcon.colcon_core.package_identification:_identify(.) by extensions ['python_setup_py']
[0.221s] Level 1:colcon.colcon_core.package_identification:_identify(.) by extension 'python_setup_py'
[0.221s] Level 1:colcon.colcon_core.package_identification:_identify(build) by extensions ['ignore', 'ignore_ament_install']
[0.221s] Level 1:colcon.colcon_core.package_identification:_identify(build) by extension 'ignore'
[0.221s] Level 1:colcon.colcon_core.package_identification:_identify(build) ignored
[0.221s] Level 1:colcon.colcon_core.package_identification:_identify(install) by extensions ['ignore', 'ignore_ament_install']
[0.221s] Level 1:colcon.colcon_core.package_identification:_identify(install) by extension 'ignore'
[0.221s] Level 1:colcon.colcon_core.package_identification:_identify(install) ignored
[0.222s] Level 1:colcon.colcon_core.package_identification:_identify(log) by extensions ['ignore', 'ignore_ament_install']
[0.222s] Level 1:colcon.colcon_core.package_identification:_identify(log) by extension 'ignore'
[0.222s] Level 1:colcon.colcon_core.package_identification:_identify(log) ignored
[0.222s] Level 1:colcon.colcon_core.package_identification:_identify(rl_runs) by extensions ['ignore', 'ignore_ament_install']
[0.222s] Level 1:colcon.colcon_core.package_identification:_identify(rl_runs) by extension 'ignore'
[0.222s] Level 1:colcon.colcon_core.package_identification:_identify(rl_runs) by extension 'ignore_ament_install'
[0.222s] Level 1:colcon.colcon_core.package_identification:_identify(rl_runs) by extensions ['colcon_pkg']
[0.222s] Level 1:colcon.colcon_core.package_identification:_identify(rl_runs) by extension 'colcon_pkg'
[0.222s] Level 1:colcon.colcon_core.package_identification:_identify(rl_runs) by extensions ['colcon_meta']
[0.222s] Level 1:colcon.colcon_core.package_identification:_identify(rl_runs) by extension 'colcon_meta'
[0.222s] Level 1:colcon.colcon_core.package_identification:_identify(rl_runs) by extensions ['ros']
[0.222s] Level 1:colcon.colcon_core.package_identification:_identify(rl_runs) by extension 'ros'
[0.222s] Level 1:colcon.colcon_core.package_identification:_identify(rl_runs) by extensions ['cmake', 'python']
[0.222s] Level 1:colcon.colcon_core.package_identification:_identify(rl_runs) by extension 'cmake'
[0.222s] Level 1:colcon.colcon_core.package_identification:_identify(rl_runs) by extension 'python'
[0.222s] Level 1:colcon.colcon_core.package_identification:_identify(rl_runs) by extensions ['python_setup_py']
[0.222s] Level 1:colcon.colcon_core.package_identification:_identify(rl_runs) by extension 'python_setup_py'
[0.222s] Level 1:colcon.colcon_core.package_identification:_identify(rl_runs/multimodal_dqn_s0) by extensions ['ignore', 'ignore_ament_install']
[0.222s] Level 1:colcon.colcon_core.package_identification:_identify(rl_runs/multimodal_dqn_s0) by extension 'ignore'
[0.222s] Level 1:colcon.colcon_core.package_identification:_identify(rl_runs/multimodal_dqn_s0) by extension 'ignore_ament_install'
[0.222s] Level 1:colcon.colcon_core.package_identification:_identify(rl_runs/multimodal_dqn_s0) by extensions ['colcon_pkg']
[0.222s] Level 1:colcon.colcon_core.package_identification:_identify(rl_runs/multimodal_dqn_s0) by extension 'colcon_pkg'
[0.222s] Level 1:colcon.colcon_core.package_identification:_identify(rl_runs/multimodal_dqn_s0) by extensions ['colcon_meta']
[0.222s] Level 1:colcon.colcon_core.package_identification:_identify(rl_runs/multimodal_dqn_s0) by extension 'colcon_meta'
[0.222s] Level 1:colcon.colcon_core.package_identification:_identify(rl_runs/multimodal_dqn_s0) by extensions ['ros']
[0.222s] Level 1:colcon.colcon_core.package_identification:_identify(rl_runs/multimodal_dqn_s0) by extension 'ros'
[0.223s] Level 1:colcon.colcon_core.package_identification:_identify(rl_runs/multimodal_dqn_s0) by extensions ['cmake', 'python']
[0.223s] Level 1:colcon.colcon_core.package_identification:_identify(rl_runs/multimodal_dqn_s0) by extension 'cmake'
[0.223s] Level 1:colcon.colcon_core.package_identification:_identify(rl_runs/multimodal_dqn_s0) by extension 'python'
[0.223s] Level 1:colcon.colcon_core.package_identification:_identify(rl_runs/multimodal_dqn_s0) by extensions ['python_setup_py']
[0.223s] Level 1:colcon.colcon_core.package_identification:_identify(rl_runs/multimodal_dqn_s0) by extension 'python_setup_py'
[0.223s] Level 1:colcon.colcon_core.package_identification:_identify(rl_runs/multimodal_smoke) by extensions ['ignore', 'ignore_ament_install']
[0.223s] Level 1:colcon.colcon_core.package_identification:_identify(rl_runs/multimodal_smoke) by extension 'ignore'
[0.223s] Level 1:colcon.colcon_core.package_identification:_identify(rl_runs/multimodal_smoke) by extension 'ignore_ament_install'
[0.223s] Level 1:colcon.colcon_core.package_identification:_identify(rl_runs/multimodal_smoke) by extensions ['colcon_pkg']
[0.223s] Level 1:colcon.colcon_core.package_identification:_identify(rl_runs/multimodal_smoke) by extension 'colcon_pkg'
[0.223s] Level 1:colcon.colcon_core.package_identification:_identify(rl_runs/multimodal_smoke) by extensions ['colcon_meta']
[0.223s] Level 1:colcon.colcon_core.package_identification:_identify(rl_runs/multimodal_smoke) by extension 'colcon_meta'
[0.223s] Level 1:colcon.colcon_core.package_identification:_identify(rl_runs/multimodal_smoke) by extensions ['ros']
[0.223s] Level 1:colcon.colcon_core.package_identification:_identify(rl_runs/multimodal_smoke) by extension 'ros'
[0.223s] Level 1:colcon.colcon_core.package_identification:_identify(rl_runs/multimodal_smoke) by extensions ['cmake', 'python']
[0.223s] Level 1:colcon.colcon_core.package_identification:_identify(rl_runs/multimodal_smoke) by extension 'cmake'
[0.223s] Level 1:colcon.colcon_core.package_identification:_identify(rl_runs/multimodal_smoke) by extension 'python'
[0.223s] Level 1:colcon.colcon_core.package_identification:_identify(rl_runs/multimodal_smoke) by extensions ['python_setup_py']
[0.223s] Level 1:colcon.colcon_core.package_identification:_identify(rl_runs/multimodal_smoke) by extension 'python_setup_py'
[0.223s] Level 1:colcon.colcon_core.package_identification:_identify(src) by extensions ['ignore', 'ignore_ament_install']
[0.223s] Level 1:colcon.colcon_core.package_identification:_identify(src) by extension 'ignore'
[0.223s] Level 1:colcon.colcon_core.package_identification:_identify(src) by extension 'ignore_ament_install'
[0.223s] Level 1:colcon.colcon_core.package_identification:_identify(src) by extensions ['colcon_pkg']
[0.223s] Level 1:colcon.colcon_core.package_identification:_identify(src) by extension 'colcon_pkg'
[0.223s] Level 1:colcon.colcon_core.package_identification:_identify(src) by extensions ['colcon_meta']
[0.223s] Level 1:colcon.colcon_core.package_identification:_identify(src) by extension 'colcon_meta'
[0.223s] Level 1:colcon.colcon_core.package_identification:_identify(src) by extensions ['ros']
[0.223s] Level 1:colcon.colcon_core.package_identification:_identify(src) by extension 'ros'
[0.223s] Level 1:colcon.colcon_core.package_identification:_identify(src) by extensions ['cmake', 'python']
[0.223s] Level 1:colcon.colcon_core.package_identification:_identify(src) by extension 'cmake'
[0.224s] Level 1:colcon.colcon_core.package_identification:_identify(src) by extension 'python'
[0.224s] Level 1:colcon.colcon_core.package_identification:_identify(src) by extensions ['python_setup_py']
[0.224s] Level 1:colcon.colcon_core.package_identification:_identify(src) by extension 'python_setup_py'
[0.224s] Level 1:colcon.colcon_core.package_identification:_identify(src/aswrl_sync) by extensions ['ignore', 'ignore_ament_install']
[0.224s] Level 1:colcon.colcon_core.package_identification:_identify(src/aswrl_sync) by extension 'ignore'
[0.224s] Level 1:colcon.colcon_core.package_identification:_identify(src/aswrl_sync) by extension 'ignore_ament_install'
[0.224s] Level 1:colcon.colcon_core.package_identification:_identify(src/aswrl_sync) by extensions ['colcon_pkg']
[0.224s] Level 1:colcon.colcon_core.package_identification:_identify(src/aswrl_sync) by extension 'colcon_pkg'
[0.224s] Level 1:colcon.colcon_core.package_identification:_identify(src/aswrl_sync) by extensions ['colcon_meta']
[0.224s] Level 1:colcon.colcon_core.package_identification:_identify(src/aswrl_sync) by extension 'colcon_meta'
[0.224s] Level 1:colcon.colcon_core.package_identification:_identify(src/aswrl_sync) by extensions ['ros']
[0.224s] Level 1:colcon.colcon_core.package_identification:_identify(src/aswrl_sync) by extension 'ros'
[0.226s] DEBUG:colcon.colcon_core.package_identification:Package 'src/aswrl_sync' with type 'ros.ament_python' and name 'aswrl_sync'
[0.226s] Level 1:colcon.colcon_core.package_discovery:discover_packages(recursive) using defaults
[0.226s] Level 1:colcon.colcon_core.package_discovery:discover_packages(ignore) discover
[0.226s] Level 1:colcon.colcon_core.package_discovery:discover_packages(ignore) using defaults
[0.226s] Level 1:colcon.colcon_core.package_discovery:discover_packages(path) discover
[0.226s] Level 1:colcon.colcon_core.package_discovery:discover_packages(path) using defaults
[0.241s] Level 1:colcon.colcon_core.package_discovery:discover_packages(prefix_path) check parameters
[0.241s] Level 1:colcon.colcon_core.package_discovery:discover_packages(prefix_path) discover
[0.243s] DEBUG:colcon.colcon_installed_package_information.package_discovery:Found 320 installed packages in /opt/ros/humble
[0.257s] Level 1:colcon.colcon_core.package_discovery:discover_packages(prefix_path) using defaults
[0.288s] Level 5:colcon.colcon_core.verb:set package 'aswrl_sync' build argument 'cmake_args' from command line to 'None'
[0.288s] Level 5:colcon.colcon_core.verb:set package 'aswrl_sync' build argument 'cmake_target' from command line to 'None'
[0.288s] Level 5:colcon.colcon_core.verb:set package 'aswrl_sync' build argument 'cmake_target_skip_unavailable' from command line to 'False'
[0.288s] Level 5:colcon.colcon_core.verb:set package 'aswrl_sync' build argument 'cmake_clean_cache' from command line to 'False'
[0.288s] Level 5:colcon.colcon_core.verb:set package 'aswrl_sync' build argument 'cmake_clean_first' from command line to 'False'
[0.288s] Level 5:colcon.colcon_core.verb:set package 'aswrl_sync' build argument 'cmake_force_configure' from command line to 'False'
[0.288s] Level 5:colcon.colcon_core.verb:set package 'aswrl_sync' build argument 'ament_cmake_args' from command line to 'None'
[0.288s] Level 5:colcon.colcon_core.verb:set package 'aswrl_sync' build argument 'catkin_cmake_args' from command line to 'None'
[0.288s] Level 5:colcon.colcon_core.verb:set package 'aswrl_sync' build argument 'catkin_skip_building_tests' from command line to 'False'
[0.288s] DEBUG:colcon.colcon_core.verb:Building package 'aswrl_sync' with the following arguments: {'ament_cmake_args': None, 'build_base': '/home/zhvv/aswrl_ws/build/aswrl_sync', 'catkin_cmake_args': None, 'catkin_skip_building_tests': False, 'cmake_args': None, 'cmake_clean_cache': False, 'cmake_clean_first': False, 'cmake_force_configure': False, 'cmake_target': None, 'cmake_target_skip_unavailable': False, 'install_base': '/home/zhvv/aswrl_ws/install/aswrl_sync', 'merge_install': False, 'path': '/home/zhvv/aswrl_ws/src/aswrl_sync', 'symlink_install': False, 'test_result_base': None}
[0.288s] INFO:colcon.colcon_core.executor:Executing jobs using 'parallel' executor
[0.289s] DEBUG:colcon.colcon_parallel_executor.executor.parallel:run_until_complete
[0.289s] INFO:colcon.colcon_ros.task.ament_python.build:Building ROS package in '/home/zhvv/aswrl_ws/src/aswrl_sync' with build type 'ament_python'
[0.289s] Level 1:colcon.colcon_core.shell:create_environment_hook('aswrl_sync', 'ament_prefix_path')
[0.291s] INFO:colcon.colcon_core.plugin_system:Skipping extension 'colcon_core.shell.bat': Not used on non-Windows systems
[0.291s] INFO:colcon.colcon_core.shell:Creating environment hook '/home/zhvv/aswrl_ws/install/aswrl_sync/share/aswrl_sync/hook/ament_prefix_path.ps1'
[0.292s] INFO:colcon.colcon_core.shell:Creating environment descriptor '/home/zhvv/aswrl_ws/install/aswrl_sync/share/aswrl_sync/hook/ament_prefix_path.dsv'
[0.292s] INFO:colcon.colcon_core.shell:Creating environment hook '/home/zhvv/aswrl_ws/install/aswrl_sync/share/aswrl_sync/hook/ament_prefix_path.sh'
[0.293s] INFO:colcon.colcon_core.shell:Skip shell extension 'powershell' for command environment: Not usable outside of PowerShell
[0.293s] DEBUG:colcon.colcon_core.shell:Skip shell extension 'dsv' for command environment
[0.500s] INFO:colcon.colcon_core.task.python.build:Building Python package in '/home/zhvv/aswrl_ws/src/aswrl_sync'
[0.501s] INFO:colcon.colcon_core.shell:Skip shell extension 'powershell' for command environment: Not usable outside of PowerShell
[0.501s] DEBUG:colcon.colcon_core.shell:Skip shell extension 'dsv' for command environment
[0.799s] DEBUG:colcon.colcon_core.event_handler.log_command:Invoking command in '/home/zhvv/aswrl_ws/src/aswrl_sync': PYTHONPATH=/home/zhvv/aswrl_ws/build/aswrl_sync/prefix_override:/usr/lib/python3/dist-packages/colcon_core/task/python/colcon_distutils_commands:/home/zhvv/aswrl_ws/install/aswrl_sync/lib/python3.10/site-packages:${PYTHONPATH} /usr/bin/python3 -W ignore:setup.py install is deprecated -W ignore:easy_install command is deprecated setup.py egg_info --egg-base ../../build/aswrl_sync build --build-base /home/zhvv/aswrl_ws/build/aswrl_sync/build install --record /home/zhvv/aswrl_ws/build/aswrl_sync/install.log --single-version-externally-managed install_data
[1.029s] DEBUG:colcon.colcon_core.event_handler.log_command:Invoked command in '/home/zhvv/aswrl_ws/src/aswrl_sync' returned '0': PYTHONPATH=/home/zhvv/aswrl_ws/build/aswrl_sync/prefix_override:/usr/lib/python3/dist-packages/colcon_core/task/python/colcon_distutils_commands:/home/zhvv/aswrl_ws/install/aswrl_sync/lib/python3.10/site-packages:${PYTHONPATH} /usr/bin/python3 -W ignore:setup.py install is deprecated -W ignore:easy_install command is deprecated setup.py egg_info --egg-base ../../build/aswrl_sync build --build-base /home/zhvv/aswrl_ws/build/aswrl_sync/build install --record /home/zhvv/aswrl_ws/build/aswrl_sync/install.log --single-version-externally-managed install_data
[1.030s] Level 1:colcon.colcon_core.environment:checking '/home/zhvv/aswrl_ws/install/aswrl_sync' for CMake module files
[1.031s] Level 1:colcon.colcon_core.environment:checking '/home/zhvv/aswrl_ws/install/aswrl_sync' for CMake config files
[1.031s] Level 1:colcon.colcon_core.environment:checking '/home/zhvv/aswrl_ws/install/aswrl_sync/lib'
[1.032s] Level 1:colcon.colcon_core.environment:checking '/home/zhvv/aswrl_ws/install/aswrl_sync/bin'
[1.032s] Level 1:colcon.colcon_core.environment:checking '/home/zhvv/aswrl_ws/install/aswrl_sync/lib/pkgconfig/aswrl_sync.pc'
[1.032s] Level 1:colcon.colcon_core.environment:checking '/home/zhvv/aswrl_ws/install/aswrl_sync/lib/python3.10/site-packages'
[1.032s] Level 1:colcon.colcon_core.shell:create_environment_hook('aswrl_sync', 'pythonpath')
[1.032s] INFO:colcon.colcon_core.shell:Creating environment hook '/home/zhvv/aswrl_ws/install/aswrl_sync/share/aswrl_sync/hook/pythonpath.ps1'
[1.033s] INFO:colcon.colcon_core.shell:Creating environment descriptor '/home/zhvv/aswrl_ws/install/aswrl_sync/share/aswrl_sync/hook/pythonpath.dsv'
[1.033s] INFO:colcon.colcon_core.shell:Creating environment hook '/home/zhvv/aswrl_ws/install/aswrl_sync/share/aswrl_sync/hook/pythonpath.sh'
[1.033s] Level 1:colcon.colcon_core.environment:checking '/home/zhvv/aswrl_ws/install/aswrl_sync/bin'
[1.033s] Level 1:colcon.colcon_core.environment:create_environment_scripts_only(aswrl_sync)
[1.034s] INFO:colcon.colcon_core.shell:Creating package script '/home/zhvv/aswrl_ws/install/aswrl_sync/share/aswrl_sync/package.ps1'
[1.034s] INFO:colcon.colcon_core.shell:Creating package descriptor '/home/zhvv/aswrl_ws/install/aswrl_sync/share/aswrl_sync/package.dsv'
[1.035s] INFO:colcon.colcon_core.shell:Creating package script '/home/zhvv/aswrl_ws/install/aswrl_sync/share/aswrl_sync/package.sh'
[1.035s] INFO:colcon.colcon_core.shell:Creating package script '/home/zhvv/aswrl_ws/install/aswrl_sync/share/aswrl_sync/package.bash'
[1.036s] INFO:colcon.colcon_core.shell:Creating package script '/home/zhvv/aswrl_ws/install/aswrl_sync/share/aswrl_sync/package.zsh'
[1.036s] Level 1:colcon.colcon_core.environment:create_file_with_runtime_dependencies(/home/zhvv/aswrl_ws/install/aswrl_sync/share/colcon-core/packages/aswrl_sync)
[1.037s] DEBUG:colcon.colcon_parallel_executor.executor.parallel:closing loop
[1.037s] DEBUG:colcon.colcon_parallel_executor.executor.parallel:loop closed
[1.037s] DEBUG:colcon.colcon_parallel_executor.executor.parallel:run_until_complete finished with '0'
[1.037s] DEBUG:colcon.colcon_core.event_reactor:joining thread
[1.041s] INFO:colcon.colcon_core.plugin_system:Skipping extension 'colcon_notification.desktop_notification.terminal_notifier': Not used on non-Darwin systems
[1.041s] INFO:colcon.colcon_core.plugin_system:Skipping extension 'colcon_notification.desktop_notification.win32': Not used on non-Windows systems
[1.041s] INFO:colcon.colcon_notification.desktop_notification:Sending desktop notification using 'notify2'
[1.056s] DEBUG:colcon.colcon_core.event_reactor:joined thread
[1.056s] INFO:colcon.colcon_core.shell:Creating prefix script '/home/zhvv/aswrl_ws/install/local_setup.ps1'
[1.057s] INFO:colcon.colcon_core.shell:Creating prefix util module '/home/zhvv/aswrl_ws/install/_local_setup_util_ps1.py'
[1.059s] INFO:colcon.colcon_core.shell:Creating prefix chain script '/home/zhvv/aswrl_ws/install/setup.ps1'
[1.059s] INFO:colcon.colcon_core.shell:Creating prefix script '/home/zhvv/aswrl_ws/install/local_setup.sh'
[1.060s] INFO:colcon.colcon_core.shell:Creating prefix util module '/home/zhvv/aswrl_ws/install/_local_setup_util_sh.py'
[1.060s] INFO:colcon.colcon_core.shell:Creating prefix chain script '/home/zhvv/aswrl_ws/install/setup.sh'
[1.062s] INFO:colcon.colcon_core.shell:Creating prefix script '/home/zhvv/aswrl_ws/install/local_setup.bash'
[1.062s] INFO:colcon.colcon_core.shell:Creating prefix chain script '/home/zhvv/aswrl_ws/install/setup.bash'
[1.063s] INFO:colcon.colcon_core.shell:Creating prefix script '/home/zhvv/aswrl_ws/install/local_setup.zsh'
[1.063s] INFO:colcon.colcon_core.shell:Creating prefix chain script '/home/zhvv/aswrl_ws/install/setup.zsh'
